{"/home/rowan/clawd/products/auto-reply-pro/src/core/ContextManager.js":{"path":"/home/rowan/clawd/products/auto-reply-pro/src/core/ContextManager.js","statementMap":{"0":{"start":{"line":8,"column":4},"end":{"line":13,"column":6}},"1":{"start":{"line":16,"column":4},"end":{"line":16,"column":30}},"2":{"start":{"line":17,"column":4},"end":{"line":17,"column":34}},"3":{"start":{"line":20,"column":4},"end":{"line":24,"column":6}},"4":{"start":{"line":31,"column":22},"end":{"line":31,"column":48}},"5":{"start":{"line":32,"column":19},"end":{"line":32,"column":40}},"6":{"start":{"line":35,"column":18},"end":{"line":35,"column":46}},"7":{"start":{"line":37,"column":4},"end":{"line":41,"column":5}},"8":{"start":{"line":38,"column":6},"end":{"line":38,"column":64}},"9":{"start":{"line":39,"column":6},"end":{"line":39,"column":44}},"10":{"start":{"line":40,"column":6},"end":{"line":40,"column":33}},"11":{"start":{"line":44,"column":4},"end":{"line":44,"column":38}},"12":{"start":{"line":47,"column":24},"end":{"line":47,"column":57}},"13":{"start":{"line":49,"column":4},"end":{"line":54,"column":6}},"14":{"start":{"line":61,"column":22},"end":{"line":61,"column":48}},"15":{"start":{"line":63,"column":20},"end":{"line":63,"column":48}},"16":{"start":{"line":64,"column":4},"end":{"line":64,"column":25}},"17":{"start":{"line":64,"column":18},"end":{"line":64,"column":25}},"18":{"start":{"line":67,"column":4},"end":{"line":78,"column":7}},"19":{"start":{"line":81,"column":4},"end":{"line":83,"column":5}},"20":{"start":{"line":82,"column":6},"end":{"line":82,"column":77}},"21":{"start":{"line":86,"column":4},"end":{"line":86,"column":27}},"22":{"start":{"line":89,"column":4},"end":{"line":89,"column":23}},"23":{"start":{"line":96,"column":4},"end":{"line":107,"column":6}},"24":{"start":{"line":116,"column":4},"end":{"line":117,"column":93}},"25":{"start":{"line":124,"column":4},"end":{"line":124,"column":74}},"26":{"start":{"line":131,"column":4},"end":{"line":140,"column":5}},"27":{"start":{"line":132,"column":6},"end":{"line":139,"column":9}},"28":{"start":{"line":142,"column":20},"end":{"line":142,"column":49}},"29":{"start":{"line":143,"column":4},"end":{"line":143,"column":34}},"30":{"start":{"line":144,"column":4},"end":{"line":144,"column":27}},"31":{"start":{"line":146,"column":4},"end":{"line":146,"column":19}},"32":{"start":{"line":153,"column":18},"end":{"line":153,"column":19}},"33":{"start":{"line":155,"column":4},"end":{"line":160,"column":5}},"34":{"start":{"line":156,"column":6},"end":{"line":159,"column":7}},"35":{"start":{"line":157,"column":8},"end":{"line":157,"column":40}},"36":{"start":{"line":158,"column":8},"end":{"line":158,"column":18}},"37":{"start":{"line":162,"column":4},"end":{"line":164,"column":5}},"38":{"start":{"line":163,"column":6},"end":{"line":163,"column":45}},"39":{"start":{"line":166,"column":4},"end":{"line":166,"column":23}},"40":{"start":{"line":167,"column":4},"end":{"line":167,"column":19}},"41":{"start":{"line":174,"column":46},"end":{"line":174,"column":53}},"42":{"start":{"line":176,"column":18},"end":{"line":176,"column":45}},"43":{"start":{"line":177,"column":4},"end":{"line":177,"column":52}},"44":{"start":{"line":178,"column":4},"end":{"line":178,"column":50}},"45":{"start":{"line":180,"column":4},"end":{"line":187,"column":5}},"46":{"start":{"line":181,"column":6},"end":{"line":181,"column":29}},"47":{"start":{"line":182,"column":28},"end":{"line":182,"column":45}},"48":{"start":{"line":183,"column":6},"end":{"line":186,"column":9}},"49":{"start":{"line":184,"column":8},"end":{"line":184,"column":62}},"50":{"start":{"line":185,"column":8},"end":{"line":185,"column":52}},"51":{"start":{"line":189,"column":4},"end":{"line":189,"column":19}},"52":{"start":{"line":196,"column":4},"end":{"line":196,"column":51}},"53":{"start":{"line":198,"column":4},"end":{"line":204,"column":5}},"54":{"start":{"line":199,"column":24},"end":{"line":199,"column":25}},"55":{"start":{"line":200,"column":6},"end":{"line":202,"column":7}},"56":{"start":{"line":201,"column":8},"end":{"line":201,"column":44}},"57":{"start":{"line":203,"column":6},"end":{"line":203,"column":85}},"58":{"start":{"line":211,"column":4},"end":{"line":211,"column":23}},"59":{"start":{"line":212,"column":4},"end":{"line":216,"column":6}},"60":{"start":{"line":223,"column":4},"end":{"line":227,"column":6}},"61":{"start":{"line":234,"column":4},"end":{"line":236,"column":5}},"62":{"start":{"line":235,"column":6},"end":{"line":235,"column":45}},"63":{"start":{"line":237,"column":4},"end":{"line":239,"column":5}},"64":{"start":{"line":238,"column":6},"end":{"line":238,"column":53}},"65":{"start":{"line":240,"column":4},"end":{"line":242,"column":5}},"66":{"start":{"line":241,"column":6},"end":{"line":241,"column":30}},"67":{"start":{"line":243,"column":4},"end":{"line":243,"column":30}},"68":{"start":{"line":247,"column":0},"end":{"line":247,"column":32}}},"fnMap":{"0":{"name":"(anonymous_0)","decl":{"start":{"line":7,"column":2},"end":{"line":7,"column":3}},"loc":{"start":{"line":7,"column":27},"end":{"line":25,"column":3}},"line":7},"1":{"name":"(anonymous_1)","decl":{"start":{"line":30,"column":2},"end":{"line":30,"column":3}},"loc":{"start":{"line":30,"column":28},"end":{"line":55,"column":3}},"line":30},"2":{"name":"(anonymous_2)","decl":{"start":{"line":60,"column":2},"end":{"line":60,"column":3}},"loc":{"start":{"line":60,"column":41},"end":{"line":90,"column":3}},"line":60},"3":{"name":"(anonymous_3)","decl":{"start":{"line":95,"column":2},"end":{"line":95,"column":3}},"loc":{"start":{"line":95,"column":45},"end":{"line":108,"column":3}},"line":95},"4":{"name":"(anonymous_4)","decl":{"start":{"line":113,"column":2},"end":{"line":113,"column":3}},"loc":{"start":{"line":113,"column":24},"end":{"line":118,"column":3}},"line":113},"5":{"name":"(anonymous_5)","decl":{"start":{"line":123,"column":2},"end":{"line":123,"column":3}},"loc":{"start":{"line":123,"column":28},"end":{"line":125,"column":3}},"line":123},"6":{"name":"(anonymous_6)","decl":{"start":{"line":130,"column":2},"end":{"line":130,"column":3}},"loc":{"start":{"line":130,"column":31},"end":{"line":147,"column":3}},"line":130},"7":{"name":"(anonymous_7)","decl":{"start":{"line":152,"column":2},"end":{"line":152,"column":3}},"loc":{"start":{"line":152,"column":27},"end":{"line":168,"column":3}},"line":152},"8":{"name":"(anonymous_8)","decl":{"start":{"line":173,"column":2},"end":{"line":173,"column":3}},"loc":{"start":{"line":173,"column":29},"end":{"line":190,"column":3}},"line":173},"9":{"name":"(anonymous_9)","decl":{"start":{"line":183,"column":28},"end":{"line":183,"column":29}},"loc":{"start":{"line":183,"column":45},"end":{"line":186,"column":7}},"line":183},"10":{"name":"(anonymous_10)","decl":{"start":{"line":195,"column":2},"end":{"line":195,"column":3}},"loc":{"start":{"line":195,"column":16},"end":{"line":205,"column":3}},"line":195},"11":{"name":"(anonymous_11)","decl":{"start":{"line":210,"column":2},"end":{"line":210,"column":3}},"loc":{"start":{"line":210,"column":13},"end":{"line":217,"column":3}},"line":210},"12":{"name":"(anonymous_12)","decl":{"start":{"line":222,"column":2},"end":{"line":222,"column":3}},"loc":{"start":{"line":222,"column":11},"end":{"line":228,"column":3}},"line":222},"13":{"name":"(anonymous_13)","decl":{"start":{"line":233,"column":2},"end":{"line":233,"column":3}},"loc":{"start":{"line":233,"column":15},"end":{"line":244,"column":3}},"line":233}},"branchMap":{"0":{"loc":{"start":{"line":7,"column":14},"end":{"line":7,"column":25}},"type":"default-arg","locations":[{"start":{"line":7,"column":23},"end":{"line":7,"column":25}}],"line":7},"1":{"loc":{"start":{"line":9,"column":24},"end":{"line":9,"column":53}},"type":"binary-expr","locations":[{"start":{"line":9,"column":24},"end":{"line":9,"column":47}},{"start":{"line":9,"column":51},"end":{"line":9,"column":53}}],"line":9},"2":{"loc":{"start":{"line":10,"column":22},"end":{"line":10,"column":54}},"type":"binary-expr","locations":[{"start":{"line":10,"column":22},"end":{"line":10,"column":43}},{"start":{"line":10,"column":47},"end":{"line":10,"column":54}}],"line":10},"3":{"loc":{"start":{"line":11,"column":25},"end":{"line":11,"column":58}},"type":"binary-expr","locations":[{"start":{"line":11,"column":25},"end":{"line":11,"column":49}},{"start":{"line":11,"column":53},"end":{"line":11,"column":58}}],"line":11},"4":{"loc":{"start":{"line":37,"column":4},"end":{"line":41,"column":5}},"type":"if","locations":[{"start":{"line":37,"column":4},"end":{"line":41,"column":5}},{"start":{},"end":{}}],"line":37},"5":{"loc":{"start":{"line":37,"column":8},"end":{"line":37,"column":50}},"type":"binary-expr","locations":[{"start":{"line":37,"column":8},"end":{"line":37,"column":16}},{"start":{"line":37,"column":20},"end":{"line":37,"column":50}}],"line":37},"6":{"loc":{"start":{"line":64,"column":4},"end":{"line":64,"column":25}},"type":"if","locations":[{"start":{"line":64,"column":4},"end":{"line":64,"column":25}},{"start":{},"end":{}}],"line":64},"7":{"loc":{"start":{"line":81,"column":4},"end":{"line":83,"column":5}},"type":"if","locations":[{"start":{"line":81,"column":4},"end":{"line":83,"column":5}},{"start":{},"end":{}}],"line":81},"8":{"loc":{"start":{"line":116,"column":11},"end":{"line":117,"column":92}},"type":"binary-expr","locations":[{"start":{"line":116,"column":11},"end":{"line":116,"column":41}},{"start":{"line":117,"column":11},"end":{"line":117,"column":92}}],"line":116},"9":{"loc":{"start":{"line":131,"column":4},"end":{"line":140,"column":5}},"type":"if","locations":[{"start":{"line":131,"column":4},"end":{"line":140,"column":5}},{"start":{},"end":{}}],"line":131},"10":{"loc":{"start":{"line":156,"column":6},"end":{"line":159,"column":7}},"type":"if","locations":[{"start":{"line":156,"column":6},"end":{"line":159,"column":7}},{"start":{},"end":{}}],"line":156},"11":{"loc":{"start":{"line":162,"column":4},"end":{"line":164,"column":5}},"type":"if","locations":[{"start":{"line":162,"column":4},"end":{"line":164,"column":5}},{"start":{},"end":{}}],"line":162},"12":{"loc":{"start":{"line":180,"column":4},"end":{"line":187,"column":5}},"type":"if","locations":[{"start":{"line":180,"column":4},"end":{"line":187,"column":5}},{"start":{},"end":{}}],"line":180},"13":{"loc":{"start":{"line":198,"column":4},"end":{"line":204,"column":5}},"type":"if","locations":[{"start":{"line":198,"column":4},"end":{"line":204,"column":5}},{"start":{},"end":{}}],"line":198},"14":{"loc":{"start":{"line":234,"column":4},"end":{"line":236,"column":5}},"type":"if","locations":[{"start":{"line":234,"column":4},"end":{"line":236,"column":5}},{"start":{},"end":{}}],"line":234},"15":{"loc":{"start":{"line":237,"column":4},"end":{"line":239,"column":5}},"type":"if","locations":[{"start":{"line":237,"column":4},"end":{"line":239,"column":5}},{"start":{},"end":{}}],"line":237},"16":{"loc":{"start":{"line":240,"column":4},"end":{"line":242,"column":5}},"type":"if","locations":[{"start":{"line":240,"column":4},"end":{"line":242,"column":5}},{"start":{},"end":{}}],"line":240}},"s":{"0":3,"1":3,"2":3,"3":3,"4":2,"5":2,"6":2,"7":2,"8":2,"9":0,"10":0,"11":0,"12":0,"13":0,"14":0,"15":0,"16":0,"17":0,"18":0,"19":0,"20":0,"21":0,"22":0,"23":2,"24":2,"25":0,"26":0,"27":0,"28":0,"29":0,"30":0,"31":0,"32":0,"33":0,"34":0,"35":0,"36":0,"37":0,"38":0,"39":0,"40":0,"41":0,"42":0,"43":0,"44":0,"45":0,"46":0,"47":0,"48":0,"49":0,"50":0,"51":0,"52":0,"53":0,"54":0,"55":0,"56":0,"57":0,"58":0,"59":0,"60":0,"61":0,"62":0,"63":0,"64":0,"65":0,"66":0,"67":0,"68":1},"f":{"0":3,"1":2,"2":0,"3":2,"4":2,"5":0,"6":0,"7":0,"8":0,"9":0,"10":0,"11":0,"12":0,"13":0},"b":{"0":[3],"1":[3,3],"2":[3,3],"3":[3,3],"4":[2,0],"5":[2,0],"6":[0,0],"7":[0,0],"8":[2,0],"9":[0,0],"10":[0,0],"11":[0,0],"12":[0,0],"13":[0,0],"14":[0,0],"15":[0,0],"16":[0,0]},"_coverageSchema":"1a1c01bbd47fc00a2c39e90264f33305004495a9","hash":"be8fb59c489abc4a5200e4c482a56cd87e400a57","contentHash":"259aaa291628414f6fceb4abe37e3a9b565f2ded00729f95ea51eb8c44c591e8"},"/home/rowan/clawd/products/auto-reply-pro/src/core/TemplateManager.js":{"path":"/home/rowan/clawd/products/auto-reply-pro/src/core/TemplateManager.js","statementMap":{"0":{"start":{"line":8,"column":4},"end":{"line":12,"column":6}},"1":{"start":{"line":15,"column":4},"end":{"line":15,"column":31}},"2":{"start":{"line":18,"column":4},"end":{"line":18,"column":32}},"3":{"start":{"line":26,"column":4},"end":{"line":29,"column":7}},"4":{"start":{"line":32,"column":4},"end":{"line":35,"column":7}},"5":{"start":{"line":38,"column":4},"end":{"line":41,"column":7}},"6":{"start":{"line":44,"column":4},"end":{"line":47,"column":7}},"7":{"start":{"line":50,"column":4},"end":{"line":53,"column":7}},"8":{"start":{"line":56,"column":4},"end":{"line":59,"column":7}},"9":{"start":{"line":62,"column":4},"end":{"line":65,"column":7}},"10":{"start":{"line":68,"column":4},"end":{"line":71,"column":7}},"11":{"start":{"line":78,"column":4},"end":{"line":78,"column":39}},"12":{"start":{"line":79,"column":4},"end":{"line":79,"column":36}},"13":{"start":{"line":86,"column":21},"end":{"line":86,"column":45}},"14":{"start":{"line":88,"column":4},"end":{"line":91,"column":5}},"15":{"start":{"line":89,"column":6},"end":{"line":89,"column":40}},"16":{"start":{"line":90,"column":6},"end":{"line":90,"column":94}},"17":{"start":{"line":94,"column":4},"end":{"line":96,"column":5}},"18":{"start":{"line":95,"column":6},"end":{"line":95,"column":22}},"19":{"start":{"line":99,"column":4},"end":{"line":99,"column":86}},"20":{"start":{"line":106,"column":19},"end":{"line":106,"column":59}},"21":{"start":{"line":109,"column":4},"end":{"line":112,"column":5}},"22":{"start":{"line":110,"column":26},"end":{"line":110,"column":55}},"23":{"start":{"line":111,"column":6},"end":{"line":111,"column":54}},"24":{"start":{"line":114,"column":4},"end":{"line":114,"column":20}},"25":{"start":{"line":121,"column":30},"end":{"line":130,"column":5}},"26":{"start":{"line":132,"column":25},"end":{"line":132,"column":64}},"27":{"start":{"line":133,"column":4},"end":{"line":133,"column":52}},"28":{"start":{"line":140,"column":4},"end":{"line":140,"column":42}},"29":{"start":{"line":147,"column":4},"end":{"line":147,"column":45}},"30":{"start":{"line":154,"column":4},"end":{"line":154,"column":46}},"31":{"start":{"line":161,"column":4},"end":{"line":163,"column":5}},"32":{"start":{"line":162,"column":6},"end":{"line":162,"column":44}},"33":{"start":{"line":164,"column":4},"end":{"line":164,"column":62}},"34":{"start":{"line":168,"column":0},"end":{"line":168,"column":33}}},"fnMap":{"0":{"name":"(anonymous_0)","decl":{"start":{"line":7,"column":2},"end":{"line":7,"column":3}},"loc":{"start":{"line":7,"column":27},"end":{"line":19,"column":3}},"line":7},"1":{"name":"(anonymous_1)","decl":{"start":{"line":24,"column":2},"end":{"line":24,"column":3}},"loc":{"start":{"line":24,"column":25},"end":{"line":72,"column":3}},"line":24},"2":{"name":"(anonymous_2)","decl":{"start":{"line":77,"column":2},"end":{"line":77,"column":3}},"loc":{"start":{"line":77,"column":35},"end":{"line":80,"column":3}},"line":77},"3":{"name":"(anonymous_3)","decl":{"start":{"line":85,"column":2},"end":{"line":85,"column":3}},"loc":{"start":{"line":85,"column":60},"end":{"line":100,"column":3}},"line":85},"4":{"name":"(anonymous_4)","decl":{"start":{"line":105,"column":2},"end":{"line":105,"column":3}},"loc":{"start":{"line":105,"column":79},"end":{"line":115,"column":3}},"line":105},"5":{"name":"(anonymous_5)","decl":{"start":{"line":120,"column":2},"end":{"line":120,"column":3}},"loc":{"start":{"line":120,"column":71},"end":{"line":134,"column":3}},"line":120},"6":{"name":"(anonymous_6)","decl":{"start":{"line":139,"column":2},"end":{"line":139,"column":3}},"loc":{"start":{"line":139,"column":36},"end":{"line":141,"column":3}},"line":139},"7":{"name":"(anonymous_7)","decl":{"start":{"line":146,"column":2},"end":{"line":146,"column":3}},"loc":{"start":{"line":146,"column":18},"end":{"line":148,"column":3}},"line":146},"8":{"name":"(anonymous_8)","decl":{"start":{"line":153,"column":2},"end":{"line":153,"column":3}},"loc":{"start":{"line":153,"column":20},"end":{"line":155,"column":3}},"line":153},"9":{"name":"(anonymous_9)","decl":{"start":{"line":160,"column":2},"end":{"line":160,"column":3}},"loc":{"start":{"line":160,"column":29},"end":{"line":165,"column":3}},"line":160}},"branchMap":{"0":{"loc":{"start":{"line":7,"column":14},"end":{"line":7,"column":25}},"type":"default-arg","locations":[{"start":{"line":7,"column":23},"end":{"line":7,"column":25}}],"line":7},"1":{"loc":{"start":{"line":9,"column":19},"end":{"line":9,"column":54}},"type":"binary-expr","locations":[{"start":{"line":9,"column":19},"end":{"line":9,"column":37}},{"start":{"line":9,"column":41},"end":{"line":9,"column":54}}],"line":9},"2":{"loc":{"start":{"line":10,"column":23},"end":{"line":10,"column":56}},"type":"binary-expr","locations":[{"start":{"line":10,"column":23},"end":{"line":10,"column":45}},{"start":{"line":10,"column":49},"end":{"line":10,"column":56}}],"line":10},"3":{"loc":{"start":{"line":85,"column":20},"end":{"line":85,"column":58}},"type":"default-arg","locations":[{"start":{"line":85,"column":31},"end":{"line":85,"column":58}}],"line":85},"4":{"loc":{"start":{"line":88,"column":4},"end":{"line":91,"column":5}},"type":"if","locations":[{"start":{"line":88,"column":4},"end":{"line":91,"column":5}},{"start":{},"end":{}}],"line":88},"5":{"loc":{"start":{"line":90,"column":13},"end":{"line":90,"column":93}},"type":"binary-expr","locations":[{"start":{"line":90,"column":13},"end":{"line":90,"column":53}},{"start":{"line":90,"column":57},"end":{"line":90,"column":93}}],"line":90},"6":{"loc":{"start":{"line":94,"column":4},"end":{"line":96,"column":5}},"type":"if","locations":[{"start":{"line":94,"column":4},"end":{"line":96,"column":5}},{"start":{},"end":{}}],"line":94},"7":{"loc":{"start":{"line":99,"column":11},"end":{"line":99,"column":85}},"type":"binary-expr","locations":[{"start":{"line":99,"column":11},"end":{"line":99,"column":29}},{"start":{"line":99,"column":33},"end":{"line":99,"column":47}},{"start":{"line":99,"column":51},"end":{"line":99,"column":85}}],"line":99},"8":{"loc":{"start":{"line":105,"column":23},"end":{"line":105,"column":37}},"type":"default-arg","locations":[{"start":{"line":105,"column":35},"end":{"line":105,"column":37}}],"line":105},"9":{"loc":{"start":{"line":105,"column":39},"end":{"line":105,"column":77}},"type":"default-arg","locations":[{"start":{"line":105,"column":50},"end":{"line":105,"column":77}}],"line":105},"10":{"loc":{"start":{"line":120,"column":31},"end":{"line":120,"column":69}},"type":"default-arg","locations":[{"start":{"line":120,"column":42},"end":{"line":120,"column":69}}],"line":120},"11":{"loc":{"start":{"line":132,"column":25},"end":{"line":132,"column":64}},"type":"binary-expr","locations":[{"start":{"line":132,"column":25},"end":{"line":132,"column":50}},{"start":{"line":132,"column":54},"end":{"line":132,"column":64}}],"line":132}},"s":{"0":6,"1":6,"2":6,"3":6,"4":6,"5":6,"6":6,"7":6,"8":6,"9":6,"10":6,"11":49,"12":49,"13":3,"14":3,"15":0,"16":0,"17":3,"18":1,"19":2,"20":1,"21":1,"22":2,"23":2,"24":1,"25":0,"26":0,"27":0,"28":1,"29":0,"30":0,"31":0,"32":0,"33":0,"34":1},"f":{"0":6,"1":6,"2":49,"3":3,"4":1,"5":0,"6":1,"7":0,"8":0,"9":0},"b":{"0":[6],"1":[6,6],"2":[6,6],"3":[0],"4":[0,3],"5":[0,0],"6":[1,2],"7":[2,0,0],"8":[0],"9":[1],"10":[0],"11":[0,0]},"_coverageSchema":"1a1c01bbd47fc00a2c39e90264f33305004495a9","hash":"dfcbdf4247cb781dac788a18e9b356c00ce30c45","contentHash":"e48976fdfab51d6869f8625ba32d8d5474d1074aec158c31a8fa44b681f6397e"},"/home/rowan/clawd/products/auto-reply-pro/src/scheduler/MessageScheduler.js":{"path":"/home/rowan/clawd/products/auto-reply-pro/src/scheduler/MessageScheduler.js","statementMap":{"0":{"start":{"line":6,"column":13},"end":{"line":6,"column":33}},"1":{"start":{"line":7,"column":23},"end":{"line":7,"column":38}},"2":{"start":{"line":11,"column":4},"end":{"line":16,"column":6}},"3":{"start":{"line":19,"column":4},"end":{"line":19,"column":24}},"4":{"start":{"line":22,"column":4},"end":{"line":22,"column":30}},"5":{"start":{"line":25,"column":4},"end":{"line":25,"column":34}},"6":{"start":{"line":28,"column":4},"end":{"line":28,"column":38}},"7":{"start":{"line":31,"column":4},"end":{"line":36,"column":6}},"8":{"start":{"line":43,"column":4},"end":{"line":43,"column":45}},"9":{"start":{"line":44,"column":4},"end":{"line":44,"column":39}},"10":{"start":{"line":51,"column":19},"end":{"line":51,"column":27}},"11":{"start":{"line":53,"column":26},"end":{"line":64,"column":5}},"12":{"start":{"line":67,"column":4},"end":{"line":67,"column":35}},"13":{"start":{"line":69,"column":4},"end":{"line":69,"column":23}},"14":{"start":{"line":70,"column":4},"end":{"line":70,"column":25}},"15":{"start":{"line":72,"column":4},"end":{"line":72,"column":94}},"16":{"start":{"line":74,"column":4},"end":{"line":74,"column":18}},"17":{"start":{"line":81,"column":26},"end":{"line":81,"column":56}},"18":{"start":{"line":82,"column":21},"end":{"line":82,"column":54}},"19":{"start":{"line":85,"column":19},"end":{"line":85,"column":24}},"20":{"start":{"line":86,"column":4},"end":{"line":93,"column":5}},"21":{"start":{"line":86,"column":17},"end":{"line":86,"column":18}},"22":{"start":{"line":87,"column":30},"end":{"line":87,"column":76}},"23":{"start":{"line":88,"column":6},"end":{"line":92,"column":7}},"24":{"start":{"line":89,"column":8},"end":{"line":89,"column":42}},"25":{"start":{"line":90,"column":8},"end":{"line":90,"column":24}},"26":{"start":{"line":91,"column":8},"end":{"line":91,"column":14}},"27":{"start":{"line":95,"column":4},"end":{"line":97,"column":5}},"28":{"start":{"line":96,"column":6},"end":{"line":96,"column":32}},"29":{"start":{"line":104,"column":20},"end":{"line":104,"column":22}},"30":{"start":{"line":106,"column":4},"end":{"line":128,"column":5}},"31":{"start":{"line":107,"column":6},"end":{"line":127,"column":7}},"32":{"start":{"line":108,"column":23},"end":{"line":108,"column":50}},"33":{"start":{"line":109,"column":8},"end":{"line":113,"column":11}},"34":{"start":{"line":115,"column":8},"end":{"line":115,"column":26}},"35":{"start":{"line":116,"column":8},"end":{"line":116,"column":29}},"36":{"start":{"line":119,"column":8},"end":{"line":123,"column":11}},"37":{"start":{"line":125,"column":8},"end":{"line":125,"column":28}},"38":{"start":{"line":126,"column":8},"end":{"line":126,"column":29}},"39":{"start":{"line":130,"column":4},"end":{"line":130,"column":19}},"40":{"start":{"line":137,"column":20},"end":{"line":137,"column":60}},"41":{"start":{"line":139,"column":4},"end":{"line":141,"column":5}},"42":{"start":{"line":140,"column":6},"end":{"line":140,"column":52}},"43":{"start":{"line":144,"column":4},"end":{"line":146,"column":5}},"44":{"start":{"line":145,"column":6},"end":{"line":145,"column":34}},"45":{"start":{"line":149,"column":4},"end":{"line":149,"column":20}},"46":{"start":{"line":150,"column":4},"end":{"line":150,"column":28}},"47":{"start":{"line":152,"column":4},"end":{"line":177,"column":5}},"48":{"start":{"line":153,"column":21},"end":{"line":156,"column":7}},"49":{"start":{"line":158,"column":6},"end":{"line":158,"column":27}},"50":{"start":{"line":159,"column":6},"end":{"line":159,"column":31}},"51":{"start":{"line":161,"column":6},"end":{"line":161,"column":42}},"52":{"start":{"line":163,"column":6},"end":{"line":163,"column":20}},"53":{"start":{"line":166,"column":6},"end":{"line":166,"column":29}},"54":{"start":{"line":167,"column":6},"end":{"line":167,"column":33}},"55":{"start":{"line":170,"column":6},"end":{"line":174,"column":7}},"56":{"start":{"line":171,"column":8},"end":{"line":171,"column":98}},"57":{"start":{"line":172,"column":8},"end":{"line":172,"column":49}},"58":{"start":{"line":173,"column":8},"end":{"line":173,"column":43}},"59":{"start":{"line":176,"column":6},"end":{"line":176,"column":18}},"60":{"start":{"line":184,"column":4},"end":{"line":189,"column":5}},"61":{"start":{"line":185,"column":6},"end":{"line":188,"column":9}},"62":{"start":{"line":191,"column":20},"end":{"line":191,"column":51}},"63":{"start":{"line":194,"column":4},"end":{"line":197,"column":5}},"64":{"start":{"line":195,"column":6},"end":{"line":195,"column":24}},"65":{"start":{"line":196,"column":6},"end":{"line":196,"column":37}},"66":{"start":{"line":200,"column":19},"end":{"line":205,"column":5}},"67":{"start":{"line":207,"column":18},"end":{"line":207,"column":41}},"68":{"start":{"line":209,"column":4},"end":{"line":211,"column":5}},"69":{"start":{"line":210,"column":6},"end":{"line":210,"column":19}},"70":{"start":{"line":213,"column":4},"end":{"line":213,"column":20}},"71":{"start":{"line":214,"column":4},"end":{"line":214,"column":16}},"72":{"start":{"line":221,"column":16},"end":{"line":221,"column":26}},"73":{"start":{"line":222,"column":24},"end":{"line":222,"column":26}},"74":{"start":{"line":225,"column":4},"end":{"line":233,"column":5}},"75":{"start":{"line":226,"column":19},"end":{"line":226,"column":36}},"76":{"start":{"line":228,"column":6},"end":{"line":232,"column":7}},"77":{"start":{"line":229,"column":8},"end":{"line":229,"column":49}},"78":{"start":{"line":231,"column":8},"end":{"line":231,"column":14}},"79":{"start":{"line":236,"column":4},"end":{"line":240,"column":5}},"80":{"start":{"line":237,"column":6},"end":{"line":237,"column":58}},"81":{"start":{"line":238,"column":22},"end":{"line":238,"column":55}},"82":{"start":{"line":239,"column":6},"end":{"line":239,"column":119}},"83":{"start":{"line":239,"column":49},"end":{"line":239,"column":58}},"84":{"start":{"line":239,"column":94},"end":{"line":239,"column":104}},"85":{"start":{"line":248,"column":4},"end":{"line":250,"column":8}},"86":{"start":{"line":249,"column":6},"end":{"line":249,"column":33}},"87":{"start":{"line":252,"column":4},"end":{"line":252,"column":32}},"88":{"start":{"line":253,"column":4},"end":{"line":253,"column":32}},"89":{"start":{"line":260,"column":4},"end":{"line":263,"column":5}},"90":{"start":{"line":261,"column":6},"end":{"line":261,"column":17}},"91":{"start":{"line":262,"column":6},"end":{"line":262,"column":41}},"92":{"start":{"line":270,"column":4},"end":{"line":277,"column":6}},"93":{"start":{"line":284,"column":4},"end":{"line":284,"column":59}},"94":{"start":{"line":284,"column":34},"end":{"line":284,"column":57}},"95":{"start":{"line":288,"column":0},"end":{"line":288,"column":34}}},"fnMap":{"0":{"name":"(anonymous_0)","decl":{"start":{"line":10,"column":2},"end":{"line":10,"column":3}},"loc":{"start":{"line":10,"column":27},"end":{"line":37,"column":3}},"line":10},"1":{"name":"(anonymous_1)","decl":{"start":{"line":42,"column":2},"end":{"line":42,"column":3}},"loc":{"start":{"line":42,"column":34},"end":{"line":45,"column":3}},"line":42},"2":{"name":"(anonymous_2)","decl":{"start":{"line":50,"column":2},"end":{"line":50,"column":3}},"loc":{"start":{"line":50,"column":24},"end":{"line":75,"column":3}},"line":50},"3":{"name":"(anonymous_3)","decl":{"start":{"line":80,"column":2},"end":{"line":80,"column":3}},"loc":{"start":{"line":80,"column":19},"end":{"line":98,"column":3}},"line":80},"4":{"name":"(anonymous_4)","decl":{"start":{"line":103,"column":2},"end":{"line":103,"column":3}},"loc":{"start":{"line":103,"column":25},"end":{"line":131,"column":3}},"line":103},"5":{"name":"(anonymous_5)","decl":{"start":{"line":136,"column":2},"end":{"line":136,"column":3}},"loc":{"start":{"line":136,"column":25},"end":{"line":178,"column":3}},"line":136},"6":{"name":"(anonymous_6)","decl":{"start":{"line":183,"column":2},"end":{"line":183,"column":3}},"loc":{"start":{"line":183,"column":27},"end":{"line":215,"column":3}},"line":183},"7":{"name":"(anonymous_7)","decl":{"start":{"line":220,"column":2},"end":{"line":220,"column":3}},"loc":{"start":{"line":220,"column":30},"end":{"line":241,"column":3}},"line":220},"8":{"name":"(anonymous_8)","decl":{"start":{"line":239,"column":44},"end":{"line":239,"column":45}},"loc":{"start":{"line":239,"column":49},"end":{"line":239,"column":58}},"line":239},"9":{"name":"(anonymous_9)","decl":{"start":{"line":239,"column":89},"end":{"line":239,"column":90}},"loc":{"start":{"line":239,"column":94},"end":{"line":239,"column":104}},"line":239},"10":{"name":"(anonymous_10)","decl":{"start":{"line":246,"column":2},"end":{"line":246,"column":3}},"loc":{"start":{"line":246,"column":10},"end":{"line":254,"column":3}},"line":246},"11":{"name":"(anonymous_11)","decl":{"start":{"line":248,"column":59},"end":{"line":248,"column":60}},"loc":{"start":{"line":248,"column":65},"end":{"line":250,"column":5}},"line":248},"12":{"name":"(anonymous_12)","decl":{"start":{"line":259,"column":2},"end":{"line":259,"column":3}},"loc":{"start":{"line":259,"column":9},"end":{"line":264,"column":3}},"line":259},"13":{"name":"(anonymous_13)","decl":{"start":{"line":269,"column":2},"end":{"line":269,"column":3}},"loc":{"start":{"line":269,"column":19},"end":{"line":278,"column":3}},"line":269},"14":{"name":"(anonymous_14)","decl":{"start":{"line":283,"column":2},"end":{"line":283,"column":3}},"loc":{"start":{"line":283,"column":12},"end":{"line":285,"column":3}},"line":283},"15":{"name":"(anonymous_15)","decl":{"start":{"line":284,"column":23},"end":{"line":284,"column":24}},"loc":{"start":{"line":284,"column":34},"end":{"line":284,"column":57}},"line":284}},"branchMap":{"0":{"loc":{"start":{"line":10,"column":14},"end":{"line":10,"column":25}},"type":"default-arg","locations":[{"start":{"line":10,"column":23},"end":{"line":10,"column":25}}],"line":10},"1":{"loc":{"start":{"line":12,"column":21},"end":{"line":12,"column":47}},"type":"binary-expr","locations":[{"start":{"line":12,"column":21},"end":{"line":12,"column":41}},{"start":{"line":12,"column":45},"end":{"line":12,"column":47}}],"line":12},"2":{"loc":{"start":{"line":13,"column":21},"end":{"line":13,"column":46}},"type":"binary-expr","locations":[{"start":{"line":13,"column":21},"end":{"line":13,"column":41}},{"start":{"line":13,"column":45},"end":{"line":13,"column":46}}],"line":13},"3":{"loc":{"start":{"line":14,"column":18},"end":{"line":14,"column":43}},"type":"binary-expr","locations":[{"start":{"line":14,"column":18},"end":{"line":14,"column":35}},{"start":{"line":14,"column":39},"end":{"line":14,"column":43}}],"line":14},"4":{"loc":{"start":{"line":58,"column":14},"end":{"line":58,"column":62}},"type":"cond-expr","locations":[{"start":{"line":58,"column":28},"end":{"line":58,"column":49}},{"start":{"line":58,"column":52},"end":{"line":58,"column":62}}],"line":58},"5":{"loc":{"start":{"line":59,"column":16},"end":{"line":59,"column":41}},"type":"binary-expr","locations":[{"start":{"line":59,"column":16},"end":{"line":59,"column":29}},{"start":{"line":59,"column":33},"end":{"line":59,"column":41}}],"line":59},"6":{"loc":{"start":{"line":63,"column":16},"end":{"line":63,"column":35}},"type":"binary-expr","locations":[{"start":{"line":63,"column":16},"end":{"line":63,"column":29}},{"start":{"line":63,"column":33},"end":{"line":63,"column":35}}],"line":63},"7":{"loc":{"start":{"line":82,"column":21},"end":{"line":82,"column":54}},"type":"binary-expr","locations":[{"start":{"line":82,"column":21},"end":{"line":82,"column":49}},{"start":{"line":82,"column":53},"end":{"line":82,"column":54}}],"line":82},"8":{"loc":{"start":{"line":87,"column":30},"end":{"line":87,"column":76}},"type":"binary-expr","locations":[{"start":{"line":87,"column":30},"end":{"line":87,"column":71}},{"start":{"line":87,"column":75},"end":{"line":87,"column":76}}],"line":87},"9":{"loc":{"start":{"line":88,"column":6},"end":{"line":92,"column":7}},"type":"if","locations":[{"start":{"line":88,"column":6},"end":{"line":92,"column":7}},{"start":{},"end":{}}],"line":88},"10":{"loc":{"start":{"line":95,"column":4},"end":{"line":97,"column":5}},"type":"if","locations":[{"start":{"line":95,"column":4},"end":{"line":97,"column":5}},{"start":{},"end":{}}],"line":95},"11":{"loc":{"start":{"line":139,"column":4},"end":{"line":141,"column":5}},"type":"if","locations":[{"start":{"line":139,"column":4},"end":{"line":141,"column":5}},{"start":{},"end":{}}],"line":139},"12":{"loc":{"start":{"line":144,"column":4},"end":{"line":146,"column":5}},"type":"if","locations":[{"start":{"line":144,"column":4},"end":{"line":146,"column":5}},{"start":{},"end":{}}],"line":144},"13":{"loc":{"start":{"line":170,"column":6},"end":{"line":174,"column":7}},"type":"if","locations":[{"start":{"line":170,"column":6},"end":{"line":174,"column":7}},{"start":{},"end":{}}],"line":170},"14":{"loc":{"start":{"line":184,"column":4},"end":{"line":189,"column":5}},"type":"if","locations":[{"start":{"line":184,"column":4},"end":{"line":189,"column":5}},{"start":{},"end":{}}],"line":184},"15":{"loc":{"start":{"line":194,"column":4},"end":{"line":197,"column":5}},"type":"if","locations":[{"start":{"line":194,"column":4},"end":{"line":197,"column":5}},{"start":{},"end":{}}],"line":194},"16":{"loc":{"start":{"line":207,"column":18},"end":{"line":207,"column":41}},"type":"binary-expr","locations":[{"start":{"line":207,"column":18},"end":{"line":207,"column":34}},{"start":{"line":207,"column":38},"end":{"line":207,"column":41}}],"line":207},"17":{"loc":{"start":{"line":209,"column":4},"end":{"line":211,"column":5}},"type":"if","locations":[{"start":{"line":209,"column":4},"end":{"line":211,"column":5}},{"start":{},"end":{}}],"line":209},"18":{"loc":{"start":{"line":228,"column":6},"end":{"line":232,"column":7}},"type":"if","locations":[{"start":{"line":228,"column":6},"end":{"line":232,"column":7}},{"start":{"line":230,"column":13},"end":{"line":232,"column":7}}],"line":228},"19":{"loc":{"start":{"line":228,"column":10},"end":{"line":228,"column":57}},"type":"binary-expr","locations":[{"start":{"line":228,"column":10},"end":{"line":228,"column":28}},{"start":{"line":228,"column":32},"end":{"line":228,"column":57}}],"line":228},"20":{"loc":{"start":{"line":236,"column":4},"end":{"line":240,"column":5}},"type":"if","locations":[{"start":{"line":236,"column":4},"end":{"line":240,"column":5}},{"start":{},"end":{}}],"line":236}},"s":{"0":1,"1":1,"2":3,"3":3,"4":3,"5":3,"6":3,"7":3,"8":0,"9":0,"10":4,"11":4,"12":4,"13":4,"14":4,"15":4,"16":4,"17":4,"18":4,"19":4,"20":4,"21":4,"22":3,"23":3,"24":2,"25":2,"26":2,"27":4,"28":2,"29":0,"30":0,"31":0,"32":0,"33":0,"34":0,"35":0,"36":0,"37":0,"38":0,"39":0,"40":0,"41":0,"42":0,"43":0,"44":0,"45":0,"46":0,"47":0,"48":0,"49":0,"50":0,"51":0,"52":0,"53":0,"54":0,"55":0,"56":0,"57":0,"58":0,"59":0,"60":0,"61":0,"62":0,"63":0,"64":0,"65":0,"66":0,"67":0,"68":0,"69":0,"70":0,"71":0,"72":0,"73":0,"74":0,"75":0,"76":0,"77":0,"78":0,"79":0,"80":0,"81":0,"82":0,"83":0,"84":0,"85":0,"86":0,"87":0,"88":0,"89":0,"90":0,"91":0,"92":0,"93":0,"94":0,"95":1},"f":{"0":3,"1":0,"2":4,"3":4,"4":0,"5":0,"6":0,"7":0,"8":0,"9":0,"10":0,"11":0,"12":0,"13":0,"14":0,"15":0},"b":{"0":[3],"1":[3,3],"2":[3,3],"3":[3,3],"4":[1,3],"5":[4,1],"6":[4,4],"7":[4,1],"8":[3,1],"9":[2,1],"10":[2,2],"11":[0,0],"12":[0,0],"13":[0,0],"14":[0,0],"15":[0,0],"16":[0,0],"17":[0,0],"18":[0,0],"19":[0,0],"20":[0,0]},"_coverageSchema":"1a1c01bbd47fc00a2c39e90264f33305004495a9","hash":"a32d3b8822e50bf43624463192d79314e2f14549","contentHash":"df1ba07168054bdda2c9de8825ecde6c15542aee868a1c0a23584402d7e17d6b"},"/home/rowan/clawd/products/auto-reply-pro/src/generator/MessageGenerator.js":{"path":"/home/rowan/clawd/products/auto-reply-pro/src/generator/MessageGenerator.js","statementMap":{"0":{"start":{"line":6,"column":14},"end":{"line":6,"column":35}},"1":{"start":{"line":10,"column":4},"end":{"line":15,"column":6}},"2":{"start":{"line":17,"column":4},"end":{"line":17,"column":58}},"3":{"start":{"line":24,"column":54},"end":{"line":24,"column":61}},"4":{"start":{"line":27,"column":4},"end":{"line":30,"column":5}},"5":{"start":{"line":28,"column":31},"end":{"line":28,"column":61}},"6":{"start":{"line":29,"column":6},"end":{"line":29,"column":69}},"7":{"start":{"line":33,"column":4},"end":{"line":35,"column":5}},"8":{"start":{"line":34,"column":6},"end":{"line":34,"column":61}},"9":{"start":{"line":38,"column":4},"end":{"line":38,"column":71}},"10":{"start":{"line":45,"column":19},"end":{"line":45,"column":57}},"11":{"start":{"line":47,"column":4},"end":{"line":82,"column":5}},"12":{"start":{"line":48,"column":23},"end":{"line":69,"column":8}},"13":{"start":{"line":71,"column":19},"end":{"line":71,"column":40}},"14":{"start":{"line":72,"column":22},"end":{"line":72,"column":60}},"15":{"start":{"line":74,"column":6},"end":{"line":74,"column":57}},"16":{"start":{"line":76,"column":6},"end":{"line":76,"column":21}},"17":{"start":{"line":79,"column":6},"end":{"line":79,"column":49}},"18":{"start":{"line":81,"column":6},"end":{"line":81,"column":59}},"19":{"start":{"line":89,"column":46},"end":{"line":89,"column":55}},"20":{"start":{"line":90,"column":45},"end":{"line":90,"column":54}},"21":{"start":{"line":92,"column":17},"end":{"line":92,"column":43}},"22":{"start":{"line":93,"column":4},"end":{"line":93,"column":25}},"23":{"start":{"line":94,"column":4},"end":{"line":94,"column":39}},"24":{"start":{"line":95,"column":4},"end":{"line":95,"column":47}},"25":{"start":{"line":95,"column":17},"end":{"line":95,"column":47}},"26":{"start":{"line":96,"column":4},"end":{"line":96,"column":49}},"27":{"start":{"line":96,"column":18},"end":{"line":96,"column":49}},"28":{"start":{"line":97,"column":4},"end":{"line":97,"column":70}},"29":{"start":{"line":97,"column":33},"end":{"line":97,"column":70}},"30":{"start":{"line":99,"column":4},"end":{"line":99,"column":46}},"31":{"start":{"line":100,"column":4},"end":{"line":100,"column":55}},"32":{"start":{"line":100,"column":21},"end":{"line":100,"column":55}},"33":{"start":{"line":101,"column":4},"end":{"line":101,"column":45}},"34":{"start":{"line":101,"column":16},"end":{"line":101,"column":45}},"35":{"start":{"line":103,"column":4},"end":{"line":103,"column":24}},"36":{"start":{"line":104,"column":4},"end":{"line":104,"column":35}},"37":{"start":{"line":105,"column":4},"end":{"line":105,"column":34}},"38":{"start":{"line":106,"column":4},"end":{"line":106,"column":34}},"39":{"start":{"line":107,"column":4},"end":{"line":107,"column":31}},"40":{"start":{"line":108,"column":4},"end":{"line":108,"column":32}},"41":{"start":{"line":109,"column":4},"end":{"line":109,"column":27}},"42":{"start":{"line":111,"column":4},"end":{"line":111,"column":18}},"43":{"start":{"line":118,"column":21},"end":{"line":118,"column":30}},"44":{"start":{"line":119,"column":37},"end":{"line":119,"column":46}},"45":{"start":{"line":121,"column":4},"end":{"line":121,"column":154}},"46":{"start":{"line":128,"column":21},"end":{"line":128,"column":23}},"47":{"start":{"line":130,"column":4},"end":{"line":158,"column":5}},"48":{"start":{"line":131,"column":6},"end":{"line":157,"column":7}},"49":{"start":{"line":132,"column":24},"end":{"line":137,"column":10}},"50":{"start":{"line":139,"column":8},"end":{"line":144,"column":11}},"51":{"start":{"line":147,"column":8},"end":{"line":147,"column":30}},"52":{"start":{"line":150,"column":8},"end":{"line":156,"column":11}},"53":{"start":{"line":160,"column":4},"end":{"line":160,"column":90}},"54":{"start":{"line":160,"column":50},"end":{"line":160,"column":59}},"55":{"start":{"line":162,"column":4},"end":{"line":162,"column":20}},"56":{"start":{"line":169,"column":17},"end":{"line":169,"column":25}},"57":{"start":{"line":171,"column":4},"end":{"line":174,"column":5}},"58":{"start":{"line":172,"column":26},"end":{"line":172,"column":55}},"59":{"start":{"line":173,"column":6},"end":{"line":173,"column":56}},"60":{"start":{"line":176,"column":4},"end":{"line":176,"column":18}},"61":{"start":{"line":183,"column":4},"end":{"line":183,"column":59}},"62":{"start":{"line":183,"column":34},"end":{"line":183,"column":57}},"63":{"start":{"line":190,"column":4},"end":{"line":193,"column":6}},"64":{"start":{"line":197,"column":0},"end":{"line":197,"column":34}}},"fnMap":{"0":{"name":"(anonymous_0)","decl":{"start":{"line":9,"column":2},"end":{"line":9,"column":3}},"loc":{"start":{"line":9,"column":27},"end":{"line":18,"column":3}},"line":9},"1":{"name":"(anonymous_1)","decl":{"start":{"line":23,"column":2},"end":{"line":23,"column":3}},"loc":{"start":{"line":23,"column":45},"end":{"line":39,"column":3}},"line":23},"2":{"name":"(anonymous_2)","decl":{"start":{"line":44,"column":2},"end":{"line":44,"column":3}},"loc":{"start":{"line":44,"column":45},"end":{"line":83,"column":3}},"line":44},"3":{"name":"(anonymous_3)","decl":{"start":{"line":88,"column":2},"end":{"line":88,"column":3}},"loc":{"start":{"line":88,"column":36},"end":{"line":112,"column":3}},"line":88},"4":{"name":"(anonymous_4)","decl":{"start":{"line":117,"column":2},"end":{"line":117,"column":3}},"loc":{"start":{"line":117,"column":43},"end":{"line":122,"column":3}},"line":117},"5":{"name":"(anonymous_5)","decl":{"start":{"line":127,"column":2},"end":{"line":127,"column":3}},"loc":{"start":{"line":127,"column":61},"end":{"line":163,"column":3}},"line":127},"6":{"name":"(anonymous_6)","decl":{"start":{"line":160,"column":45},"end":{"line":160,"column":46}},"loc":{"start":{"line":160,"column":50},"end":{"line":160,"column":59}},"line":160},"7":{"name":"(anonymous_7)","decl":{"start":{"line":168,"column":2},"end":{"line":168,"column":3}},"loc":{"start":{"line":168,"column":36},"end":{"line":177,"column":3}},"line":168},"8":{"name":"(anonymous_8)","decl":{"start":{"line":182,"column":2},"end":{"line":182,"column":3}},"loc":{"start":{"line":182,"column":12},"end":{"line":184,"column":3}},"line":182},"9":{"name":"(anonymous_9)","decl":{"start":{"line":183,"column":23},"end":{"line":183,"column":24}},"loc":{"start":{"line":183,"column":34},"end":{"line":183,"column":57}},"line":183},"10":{"name":"(anonymous_10)","decl":{"start":{"line":189,"column":2},"end":{"line":189,"column":3}},"loc":{"start":{"line":189,"column":13},"end":{"line":194,"column":3}},"line":189}},"branchMap":{"0":{"loc":{"start":{"line":9,"column":14},"end":{"line":9,"column":25}},"type":"default-arg","locations":[{"start":{"line":9,"column":23},"end":{"line":9,"column":25}}],"line":9},"1":{"loc":{"start":{"line":11,"column":18},"end":{"line":11,"column":49}},"type":"binary-expr","locations":[{"start":{"line":11,"column":18},"end":{"line":11,"column":35}},{"start":{"line":11,"column":39},"end":{"line":11,"column":49}}],"line":11},"2":{"loc":{"start":{"line":12,"column":14},"end":{"line":12,"column":59}},"type":"binary-expr","locations":[{"start":{"line":12,"column":14},"end":{"line":12,"column":27}},{"start":{"line":12,"column":31},"end":{"line":12,"column":59}}],"line":12},"3":{"loc":{"start":{"line":13,"column":19},"end":{"line":13,"column":87}},"type":"binary-expr","locations":[{"start":{"line":13,"column":19},"end":{"line":13,"column":37}},{"start":{"line":13,"column":41},"end":{"line":13,"column":87}}],"line":13},"4":{"loc":{"start":{"line":17,"column":27},"end":{"line":17,"column":57}},"type":"binary-expr","locations":[{"start":{"line":17,"column":27},"end":{"line":17,"column":49}},{"start":{"line":17,"column":53},"end":{"line":17,"column":57}}],"line":17},"5":{"loc":{"start":{"line":27,"column":4},"end":{"line":30,"column":5}},"type":"if","locations":[{"start":{"line":27,"column":4},"end":{"line":30,"column":5}},{"start":{},"end":{}}],"line":27},"6":{"loc":{"start":{"line":27,"column":8},"end":{"line":27,"column":50}},"type":"binary-expr","locations":[{"start":{"line":27,"column":8},"end":{"line":27,"column":16}},{"start":{"line":27,"column":20},"end":{"line":27,"column":40}},{"start":{"line":27,"column":44},"end":{"line":27,"column":50}}],"line":27},"7":{"loc":{"start":{"line":33,"column":4},"end":{"line":35,"column":5}},"type":"if","locations":[{"start":{"line":33,"column":4},"end":{"line":35,"column":5}},{"start":{},"end":{}}],"line":33},"8":{"loc":{"start":{"line":33,"column":8},"end":{"line":33,"column":26}},"type":"binary-expr","locations":[{"start":{"line":33,"column":8},"end":{"line":33,"column":13}},{"start":{"line":33,"column":17},"end":{"line":33,"column":26}}],"line":33},"9":{"loc":{"start":{"line":94,"column":22},"end":{"line":94,"column":34}},"type":"binary-expr","locations":[{"start":{"line":94,"column":22},"end":{"line":94,"column":26}},{"start":{"line":94,"column":30},"end":{"line":94,"column":34}}],"line":94},"10":{"loc":{"start":{"line":95,"column":4},"end":{"line":95,"column":47}},"type":"if","locations":[{"start":{"line":95,"column":4},"end":{"line":95,"column":47}},{"start":{},"end":{}}],"line":95},"11":{"loc":{"start":{"line":96,"column":4},"end":{"line":96,"column":49}},"type":"if","locations":[{"start":{"line":96,"column":4},"end":{"line":96,"column":49}},{"start":{},"end":{}}],"line":96},"12":{"loc":{"start":{"line":97,"column":4},"end":{"line":97,"column":70}},"type":"if","locations":[{"start":{"line":97,"column":4},"end":{"line":97,"column":70}},{"start":{},"end":{}}],"line":97},"13":{"loc":{"start":{"line":97,"column":8},"end":{"line":97,"column":31}},"type":"binary-expr","locations":[{"start":{"line":97,"column":8},"end":{"line":97,"column":12}},{"start":{"line":97,"column":16},"end":{"line":97,"column":31}}],"line":97},"14":{"loc":{"start":{"line":99,"column":24},"end":{"line":99,"column":41}},"type":"binary-expr","locations":[{"start":{"line":99,"column":24},"end":{"line":99,"column":31}},{"start":{"line":99,"column":35},"end":{"line":99,"column":41}}],"line":99},"15":{"loc":{"start":{"line":100,"column":4},"end":{"line":100,"column":55}},"type":"if","locations":[{"start":{"line":100,"column":4},"end":{"line":100,"column":55}},{"start":{},"end":{}}],"line":100},"16":{"loc":{"start":{"line":101,"column":4},"end":{"line":101,"column":45}},"type":"if","locations":[{"start":{"line":101,"column":4},"end":{"line":101,"column":45}},{"start":{},"end":{}}],"line":101},"17":{"loc":{"start":{"line":121,"column":14},"end":{"line":121,"column":36}},"type":"cond-expr","locations":[{"start":{"line":121,"column":21},"end":{"line":121,"column":31}},{"start":{"line":121,"column":34},"end":{"line":121,"column":36}}],"line":121},"18":{"loc":{"start":{"line":121,"column":73},"end":{"line":121,"column":104}},"type":"binary-expr","locations":[{"start":{"line":121,"column":73},"end":{"line":121,"column":84}},{"start":{"line":121,"column":88},"end":{"line":121,"column":104}}],"line":121},"19":{"loc":{"start":{"line":121,"column":108},"end":{"line":121,"column":132}},"type":"binary-expr","locations":[{"start":{"line":121,"column":108},"end":{"line":121,"column":115}},{"start":{"line":121,"column":119},"end":{"line":121,"column":132}}],"line":121},"20":{"loc":{"start":{"line":173,"column":43},"end":{"line":173,"column":54}},"type":"binary-expr","locations":[{"start":{"line":173,"column":43},"end":{"line":173,"column":48}},{"start":{"line":173,"column":52},"end":{"line":173,"column":54}}],"line":173},"21":{"loc":{"start":{"line":192,"column":21},"end":{"line":192,"column":71}},"type":"binary-expr","locations":[{"start":{"line":192,"column":21},"end":{"line":192,"column":66}},{"start":{"line":192,"column":70},"end":{"line":192,"column":71}}],"line":192}},"s":{"0":1,"1":1,"2":1,"3":0,"4":0,"5":0,"6":0,"7":0,"8":0,"9":0,"10":0,"11":0,"12":0,"13":0,"14":0,"15":0,"16":0,"17":0,"18":0,"19":0,"20":0,"21":0,"22":0,"23":0,"24":0,"25":0,"26":0,"27":0,"28":0,"29":0,"30":0,"31":0,"32":0,"33":0,"34":0,"35":0,"36":0,"37":0,"38":0,"39":0,"40":0,"41":0,"42":0,"43":0,"44":0,"45":0,"46":0,"47":0,"48":0,"49":0,"50":0,"51":0,"52":0,"53":0,"54":0,"55":0,"56":0,"57":0,"58":0,"59":0,"60":0,"61":0,"62":0,"63":0,"64":1},"f":{"0":1,"1":0,"2":0,"3":0,"4":0,"5":0,"6":0,"7":0,"8":0,"9":0,"10":0},"b":{"0":[0],"1":[1,1],"2":[1,1],"3":[1,1],"4":[1,0],"5":[0,0],"6":[0,0,0],"7":[0,0],"8":[0,0],"9":[0,0],"10":[0,0],"11":[0,0],"12":[0,0],"13":[0,0],"14":[0,0],"15":[0,0],"16":[0,0],"17":[0,0],"18":[0,0],"19":[0,0],"20":[0,0],"21":[0,0]},"_coverageSchema":"1a1c01bbd47fc00a2c39e90264f33305004495a9","hash":"a615008a10f1f449cd9049122013679666afe84d","contentHash":"4e6e26df38aa8435158fb78e6de8c401c50c9fff66e1246fabcdc3c727943cd6"},"/home/rowan/clawd/products/auto-reply-pro/src/adapters/FeishuAdapter.js":{"path":"/home/rowan/clawd/products/auto-reply-pro/src/adapters/FeishuAdapter.js","statementMap":{"0":{"start":{"line":6,"column":14},"end":{"line":6,"column":35}},"1":{"start":{"line":10,"column":4},"end":{"line":15,"column":6}},"2":{"start":{"line":17,"column":4},"end":{"line":17,"column":28}},"3":{"start":{"line":18,"column":4},"end":{"line":18,"column":29}},"4":{"start":{"line":26,"column":4},"end":{"line":28,"column":5}},"5":{"start":{"line":27,"column":6},"end":{"line":27,"column":30}},"6":{"start":{"line":30,"column":4},"end":{"line":56,"column":5}},"7":{"start":{"line":31,"column":23},"end":{"line":38,"column":8}},"8":{"start":{"line":40,"column":19},"end":{"line":40,"column":40}},"9":{"start":{"line":42,"column":6},"end":{"line":44,"column":7}},"10":{"start":{"line":43,"column":8},"end":{"line":43,"column":52}},"11":{"start":{"line":46,"column":6},"end":{"line":46,"column":50}},"12":{"start":{"line":48,"column":6},"end":{"line":48,"column":69}},"13":{"start":{"line":50,"column":6},"end":{"line":50,"column":36}},"14":{"start":{"line":51,"column":6},"end":{"line":51,"column":30}},"15":{"start":{"line":54,"column":6},"end":{"line":54,"column":55}},"16":{"start":{"line":55,"column":6},"end":{"line":55,"column":18}},"17":{"start":{"line":63,"column":18},"end":{"line":63,"column":45}},"18":{"start":{"line":65,"column":4},"end":{"line":99,"column":5}},"19":{"start":{"line":66,"column":23},"end":{"line":80,"column":7}},"20":{"start":{"line":82,"column":19},"end":{"line":82,"column":40}},"21":{"start":{"line":84,"column":6},"end":{"line":86,"column":7}},"22":{"start":{"line":85,"column":8},"end":{"line":85,"column":47}},"23":{"start":{"line":88,"column":6},"end":{"line":88,"column":64}},"24":{"start":{"line":90,"column":6},"end":{"line":94,"column":8}},"25":{"start":{"line":97,"column":6},"end":{"line":97,"column":50}},"26":{"start":{"line":98,"column":6},"end":{"line":98,"column":18}},"27":{"start":{"line":106,"column":4},"end":{"line":108,"column":7}},"28":{"start":{"line":115,"column":24},"end":{"line":124,"column":5}},"29":{"start":{"line":126,"column":4},"end":{"line":126,"column":81}},"30":{"start":{"line":133,"column":4},"end":{"line":133,"column":81}},"31":{"start":{"line":140,"column":20},"end":{"line":140,"column":22}},"32":{"start":{"line":142,"column":4},"end":{"line":166,"column":5}},"33":{"start":{"line":143,"column":6},"end":{"line":165,"column":7}},"34":{"start":{"line":144,"column":23},"end":{"line":148,"column":9}},"35":{"start":{"line":150,"column":8},"end":{"line":154,"column":11}},"36":{"start":{"line":157,"column":8},"end":{"line":157,"column":30}},"37":{"start":{"line":160,"column":8},"end":{"line":164,"column":11}},"38":{"start":{"line":168,"column":25},"end":{"line":168,"column":62}},"39":{"start":{"line":168,"column":45},"end":{"line":168,"column":54}},"40":{"start":{"line":169,"column":4},"end":{"line":169,"column":64}},"41":{"start":{"line":171,"column":4},"end":{"line":171,"column":19}},"42":{"start":{"line":178,"column":17},"end":{"line":191,"column":5}},"43":{"start":{"line":193,"column":4},"end":{"line":208,"column":5}},"44":{"start":{"line":194,"column":6},"end":{"line":207,"column":9}},"45":{"start":{"line":210,"column":4},"end":{"line":210,"column":70}},"46":{"start":{"line":217,"column":18},"end":{"line":217,"column":45}},"47":{"start":{"line":219,"column":21},"end":{"line":227,"column":5}},"48":{"start":{"line":229,"column":17},"end":{"line":229,"column":38}},"49":{"start":{"line":231,"column":4},"end":{"line":233,"column":5}},"50":{"start":{"line":232,"column":6},"end":{"line":232,"column":47}},"51":{"start":{"line":235,"column":4},"end":{"line":235,"column":26}},"52":{"start":{"line":242,"column":4},"end":{"line":242,"column":59}},"53":{"start":{"line":242,"column":34},"end":{"line":242,"column":57}},"54":{"start":{"line":249,"column":4},"end":{"line":253,"column":6}},"55":{"start":{"line":257,"column":0},"end":{"line":257,"column":31}}},"fnMap":{"0":{"name":"(anonymous_0)","decl":{"start":{"line":9,"column":2},"end":{"line":9,"column":3}},"loc":{"start":{"line":9,"column":27},"end":{"line":19,"column":3}},"line":9},"1":{"name":"(anonymous_1)","decl":{"start":{"line":24,"column":2},"end":{"line":24,"column":3}},"loc":{"start":{"line":24,"column":25},"end":{"line":57,"column":3}},"line":24},"2":{"name":"(anonymous_2)","decl":{"start":{"line":62,"column":2},"end":{"line":62,"column":3}},"loc":{"start":{"line":62,"column":64},"end":{"line":100,"column":3}},"line":62},"3":{"name":"(anonymous_3)","decl":{"start":{"line":105,"column":2},"end":{"line":105,"column":3}},"loc":{"start":{"line":105,"column":56},"end":{"line":109,"column":3}},"line":105},"4":{"name":"(anonymous_4)","decl":{"start":{"line":114,"column":2},"end":{"line":114,"column":3}},"loc":{"start":{"line":114,"column":66},"end":{"line":127,"column":3}},"line":114},"5":{"name":"(anonymous_5)","decl":{"start":{"line":132,"column":2},"end":{"line":132,"column":3}},"loc":{"start":{"line":132,"column":56},"end":{"line":134,"column":3}},"line":132},"6":{"name":"(anonymous_6)","decl":{"start":{"line":139,"column":2},"end":{"line":139,"column":3}},"loc":{"start":{"line":139,"column":47},"end":{"line":172,"column":3}},"line":139},"7":{"name":"(anonymous_7)","decl":{"start":{"line":168,"column":40},"end":{"line":168,"column":41}},"loc":{"start":{"line":168,"column":45},"end":{"line":168,"column":54}},"line":168},"8":{"name":"(anonymous_8)","decl":{"start":{"line":177,"column":2},"end":{"line":177,"column":3}},"loc":{"start":{"line":177,"column":73},"end":{"line":211,"column":3}},"line":177},"9":{"name":"(anonymous_9)","decl":{"start":{"line":216,"column":2},"end":{"line":216,"column":3}},"loc":{"start":{"line":216,"column":28},"end":{"line":236,"column":3}},"line":216},"10":{"name":"(anonymous_10)","decl":{"start":{"line":241,"column":2},"end":{"line":241,"column":3}},"loc":{"start":{"line":241,"column":12},"end":{"line":243,"column":3}},"line":241},"11":{"name":"(anonymous_11)","decl":{"start":{"line":242,"column":23},"end":{"line":242,"column":24}},"loc":{"start":{"line":242,"column":34},"end":{"line":242,"column":57}},"line":242},"12":{"name":"(anonymous_12)","decl":{"start":{"line":248,"column":2},"end":{"line":248,"column":3}},"loc":{"start":{"line":248,"column":14},"end":{"line":254,"column":3}},"line":248}},"branchMap":{"0":{"loc":{"start":{"line":9,"column":14},"end":{"line":9,"column":25}},"type":"default-arg","locations":[{"start":{"line":9,"column":23},"end":{"line":9,"column":25}}],"line":9},"1":{"loc":{"start":{"line":11,"column":13},"end":{"line":11,"column":54}},"type":"binary-expr","locations":[{"start":{"line":11,"column":13},"end":{"line":11,"column":25}},{"start":{"line":11,"column":29},"end":{"line":11,"column":54}}],"line":11},"2":{"loc":{"start":{"line":12,"column":17},"end":{"line":12,"column":66}},"type":"binary-expr","locations":[{"start":{"line":12,"column":17},"end":{"line":12,"column":33}},{"start":{"line":12,"column":37},"end":{"line":12,"column":66}}],"line":12},"3":{"loc":{"start":{"line":26,"column":4},"end":{"line":28,"column":5}},"type":"if","locations":[{"start":{"line":26,"column":4},"end":{"line":28,"column":5}},{"start":{},"end":{}}],"line":26},"4":{"loc":{"start":{"line":26,"column":8},"end":{"line":26,"column":61}},"type":"binary-expr","locations":[{"start":{"line":26,"column":8},"end":{"line":26,"column":24}},{"start":{"line":26,"column":28},"end":{"line":26,"column":61}}],"line":26},"5":{"loc":{"start":{"line":42,"column":6},"end":{"line":44,"column":7}},"type":"if","locations":[{"start":{"line":42,"column":6},"end":{"line":44,"column":7}},{"start":{},"end":{}}],"line":42},"6":{"loc":{"start":{"line":77,"column":21},"end":{"line":77,"column":84}},"type":"cond-expr","locations":[{"start":{"line":77,"column":51},"end":{"line":77,"column":58}},{"start":{"line":77,"column":61},"end":{"line":77,"column":84}}],"line":77},"7":{"loc":{"start":{"line":84,"column":6},"end":{"line":86,"column":7}},"type":"if","locations":[{"start":{"line":84,"column":6},"end":{"line":86,"column":7}},{"start":{},"end":{}}],"line":84},"8":{"loc":{"start":{"line":146,"column":10},"end":{"line":146,"column":37}},"type":"binary-expr","locations":[{"start":{"line":146,"column":10},"end":{"line":146,"column":24}},{"start":{"line":146,"column":28},"end":{"line":146,"column":37}}],"line":146},"9":{"loc":{"start":{"line":193,"column":4},"end":{"line":208,"column":5}},"type":"if","locations":[{"start":{"line":193,"column":4},"end":{"line":208,"column":5}},{"start":{},"end":{}}],"line":193},"10":{"loc":{"start":{"line":231,"column":4},"end":{"line":233,"column":5}},"type":"if","locations":[{"start":{"line":231,"column":4},"end":{"line":233,"column":5}},{"start":{},"end":{}}],"line":231},"11":{"loc":{"start":{"line":251,"column":21},"end":{"line":251,"column":63}},"type":"binary-expr","locations":[{"start":{"line":251,"column":21},"end":{"line":251,"column":38}},{"start":{"line":251,"column":42},"end":{"line":251,"column":63}}],"line":251},"12":{"loc":{"start":{"line":252,"column":18},"end":{"line":252,"column":71}},"type":"binary-expr","locations":[{"start":{"line":252,"column":18},"end":{"line":252,"column":34}},{"start":{"line":252,"column":38},"end":{"line":252,"column":71}}],"line":252}},"s":{"0":1,"1":1,"2":1,"3":1,"4":0,"5":0,"6":0,"7":0,"8":0,"9":0,"10":0,"11":0,"12":0,"13":0,"14":0,"15":0,"16":0,"17":0,"18":0,"19":0,"20":0,"21":0,"22":0,"23":0,"24":0,"25":0,"26":0,"27":0,"28":0,"29":0,"30":0,"31":0,"32":0,"33":0,"34":0,"35":0,"36":0,"37":0,"38":0,"39":0,"40":0,"41":0,"42":0,"43":0,"44":0,"45":0,"46":0,"47":0,"48":0,"49":0,"50":0,"51":0,"52":0,"53":0,"54":0,"55":1},"f":{"0":1,"1":0,"2":0,"3":0,"4":0,"5":0,"6":0,"7":0,"8":0,"9":0,"10":0,"11":0,"12":0},"b":{"0":[1],"1":[1,1],"2":[1,1],"3":[0,0],"4":[0,0],"5":[0,0],"6":[0,0],"7":[0,0],"8":[0,0],"9":[0,0],"10":[0,0],"11":[0,0],"12":[0,0]},"_coverageSchema":"1a1c01bbd47fc00a2c39e90264f33305004495a9","hash":"a35c8e4496bed1d27e0ba53af6bfb3a293a8ade9","contentHash":"1b7811d469f1c97d96d99b3c826e7778fdae661e45951e3db478be3dad7e900b"},"/home/rowan/clawd/products/auto-reply-pro/src/adapters/WeChatAdapter.js":{"path":"/home/rowan/clawd/products/auto-reply-pro/src/adapters/WeChatAdapter.js","statementMap":{"0":{"start":{"line":6,"column":14},"end":{"line":6,"column":35}},"1":{"start":{"line":10,"column":4},"end":{"line":16,"column":6}},"2":{"start":{"line":18,"column":4},"end":{"line":18,"column":28}},"3":{"start":{"line":19,"column":4},"end":{"line":19,"column":29}},"4":{"start":{"line":27,"column":4},"end":{"line":29,"column":5}},"5":{"start":{"line":28,"column":6},"end":{"line":28,"column":30}},"6":{"start":{"line":31,"column":4},"end":{"line":52,"column":5}},"7":{"start":{"line":32,"column":23},"end":{"line":34,"column":7}},"8":{"start":{"line":36,"column":19},"end":{"line":36,"column":40}},"9":{"start":{"line":38,"column":6},"end":{"line":40,"column":7}},"10":{"start":{"line":39,"column":8},"end":{"line":39,"column":55}},"11":{"start":{"line":42,"column":6},"end":{"line":42,"column":43}},"12":{"start":{"line":44,"column":6},"end":{"line":44,"column":73}},"13":{"start":{"line":46,"column":6},"end":{"line":46,"column":38}},"14":{"start":{"line":47,"column":6},"end":{"line":47,"column":30}},"15":{"start":{"line":50,"column":6},"end":{"line":50,"column":57}},"16":{"start":{"line":51,"column":6},"end":{"line":51,"column":18}},"17":{"start":{"line":59,"column":18},"end":{"line":59,"column":45}},"18":{"start":{"line":61,"column":4},"end":{"line":92,"column":5}},"19":{"start":{"line":62,"column":23},"end":{"line":72,"column":7}},"20":{"start":{"line":74,"column":19},"end":{"line":74,"column":40}},"21":{"start":{"line":76,"column":6},"end":{"line":78,"column":7}},"22":{"start":{"line":77,"column":8},"end":{"line":77,"column":50}},"23":{"start":{"line":80,"column":6},"end":{"line":80,"column":33}},"24":{"start":{"line":82,"column":6},"end":{"line":87,"column":8}},"25":{"start":{"line":90,"column":6},"end":{"line":90,"column":52}},"26":{"start":{"line":91,"column":6},"end":{"line":91,"column":18}},"27":{"start":{"line":99,"column":24},"end":{"line":108,"column":5}},"28":{"start":{"line":110,"column":4},"end":{"line":110,"column":47}},"29":{"start":{"line":117,"column":24},"end":{"line":126,"column":5}},"30":{"start":{"line":128,"column":4},"end":{"line":128,"column":47}},"31":{"start":{"line":135,"column":24},"end":{"line":146,"column":5}},"32":{"start":{"line":139,"column":43},"end":{"line":144,"column":9}},"33":{"start":{"line":148,"column":4},"end":{"line":148,"column":47}},"34":{"start":{"line":155,"column":24},"end":{"line":161,"column":5}},"35":{"start":{"line":163,"column":4},"end":{"line":163,"column":47}},"36":{"start":{"line":170,"column":20},"end":{"line":170,"column":22}},"37":{"start":{"line":173,"column":22},"end":{"line":173,"column":26}},"38":{"start":{"line":174,"column":20},"end":{"line":174,"column":22}},"39":{"start":{"line":176,"column":4},"end":{"line":178,"column":5}},"40":{"start":{"line":176,"column":17},"end":{"line":176,"column":18}},"41":{"start":{"line":177,"column":6},"end":{"line":177,"column":55}},"42":{"start":{"line":180,"column":4},"end":{"line":202,"column":5}},"43":{"start":{"line":181,"column":6},"end":{"line":201,"column":7}},"44":{"start":{"line":182,"column":25},"end":{"line":182,"column":55}},"45":{"start":{"line":182,"column":40},"end":{"line":182,"column":44}},"46":{"start":{"line":183,"column":23},"end":{"line":183,"column":68}},"47":{"start":{"line":185,"column":8},"end":{"line":190,"column":11}},"48":{"start":{"line":193,"column":8},"end":{"line":193,"column":30}},"49":{"start":{"line":196,"column":8},"end":{"line":200,"column":11}},"50":{"start":{"line":204,"column":23},"end":{"line":204,"column":67}},"51":{"start":{"line":204,"column":50},"end":{"line":204,"column":63}},"52":{"start":{"line":205,"column":25},"end":{"line":205,"column":92}},"53":{"start":{"line":205,"column":45},"end":{"line":205,"column":54}},"54":{"start":{"line":205,"column":75},"end":{"line":205,"column":88}},"55":{"start":{"line":207,"column":4},"end":{"line":207,"column":60}},"56":{"start":{"line":209,"column":4},"end":{"line":209,"column":19}},"57":{"start":{"line":216,"column":24},"end":{"line":220,"column":5}},"58":{"start":{"line":222,"column":4},"end":{"line":222,"column":47}},"59":{"start":{"line":229,"column":18},"end":{"line":229,"column":45}},"60":{"start":{"line":231,"column":21},"end":{"line":233,"column":5}},"61":{"start":{"line":235,"column":17},"end":{"line":235,"column":38}},"62":{"start":{"line":237,"column":4},"end":{"line":239,"column":5}},"63":{"start":{"line":238,"column":6},"end":{"line":238,"column":50}},"64":{"start":{"line":241,"column":4},"end":{"line":249,"column":6}},"65":{"start":{"line":256,"column":18},"end":{"line":256,"column":45}},"66":{"start":{"line":258,"column":14},"end":{"line":258,"column":76}},"67":{"start":{"line":259,"column":4},"end":{"line":261,"column":5}},"68":{"start":{"line":260,"column":6},"end":{"line":260,"column":25}},"69":{"start":{"line":263,"column":21},"end":{"line":263,"column":37}},"70":{"start":{"line":264,"column":17},"end":{"line":264,"column":38}},"71":{"start":{"line":266,"column":4},"end":{"line":268,"column":5}},"72":{"start":{"line":267,"column":6},"end":{"line":267,"column":50}},"73":{"start":{"line":270,"column":4},"end":{"line":270,"column":27}},"74":{"start":{"line":277,"column":4},"end":{"line":277,"column":59}},"75":{"start":{"line":277,"column":34},"end":{"line":277,"column":57}},"76":{"start":{"line":284,"column":4},"end":{"line":288,"column":6}},"77":{"start":{"line":292,"column":0},"end":{"line":292,"column":31}}},"fnMap":{"0":{"name":"(anonymous_0)","decl":{"start":{"line":9,"column":2},"end":{"line":9,"column":3}},"loc":{"start":{"line":9,"column":27},"end":{"line":20,"column":3}},"line":9},"1":{"name":"(anonymous_1)","decl":{"start":{"line":25,"column":2},"end":{"line":25,"column":3}},"loc":{"start":{"line":25,"column":25},"end":{"line":53,"column":3}},"line":25},"2":{"name":"(anonymous_2)","decl":{"start":{"line":58,"column":2},"end":{"line":58,"column":3}},"loc":{"start":{"line":58,"column":33},"end":{"line":93,"column":3}},"line":58},"3":{"name":"(anonymous_3)","decl":{"start":{"line":98,"column":2},"end":{"line":98,"column":3}},"loc":{"start":{"line":98,"column":71},"end":{"line":111,"column":3}},"line":98},"4":{"name":"(anonymous_4)","decl":{"start":{"line":116,"column":2},"end":{"line":116,"column":3}},"loc":{"start":{"line":116,"column":72},"end":{"line":129,"column":3}},"line":116},"5":{"name":"(anonymous_5)","decl":{"start":{"line":134,"column":2},"end":{"line":134,"column":3}},"loc":{"start":{"line":134,"column":42},"end":{"line":149,"column":3}},"line":134},"6":{"name":"(anonymous_6)","decl":{"start":{"line":139,"column":31},"end":{"line":139,"column":32}},"loc":{"start":{"line":139,"column":43},"end":{"line":144,"column":9}},"line":139},"7":{"name":"(anonymous_7)","decl":{"start":{"line":154,"column":2},"end":{"line":154,"column":3}},"loc":{"start":{"line":154,"column":45},"end":{"line":164,"column":3}},"line":154},"8":{"name":"(anonymous_8)","decl":{"start":{"line":169,"column":2},"end":{"line":169,"column":3}},"loc":{"start":{"line":169,"column":47},"end":{"line":210,"column":3}},"line":169},"9":{"name":"(anonymous_9)","decl":{"start":{"line":182,"column":35},"end":{"line":182,"column":36}},"loc":{"start":{"line":182,"column":40},"end":{"line":182,"column":44}},"line":182},"10":{"name":"(anonymous_10)","decl":{"start":{"line":204,"column":38},"end":{"line":204,"column":39}},"loc":{"start":{"line":204,"column":50},"end":{"line":204,"column":63}},"line":204},"11":{"name":"(anonymous_11)","decl":{"start":{"line":205,"column":40},"end":{"line":205,"column":41}},"loc":{"start":{"line":205,"column":45},"end":{"line":205,"column":54}},"line":205},"12":{"name":"(anonymous_12)","decl":{"start":{"line":205,"column":63},"end":{"line":205,"column":64}},"loc":{"start":{"line":205,"column":75},"end":{"line":205,"column":88}},"line":205},"13":{"name":"(anonymous_13)","decl":{"start":{"line":215,"column":2},"end":{"line":215,"column":3}},"loc":{"start":{"line":215,"column":46},"end":{"line":223,"column":3}},"line":215},"14":{"name":"(anonymous_14)","decl":{"start":{"line":228,"column":2},"end":{"line":228,"column":3}},"loc":{"start":{"line":228,"column":28},"end":{"line":250,"column":3}},"line":228},"15":{"name":"(anonymous_15)","decl":{"start":{"line":255,"column":2},"end":{"line":255,"column":3}},"loc":{"start":{"line":255,"column":37},"end":{"line":271,"column":3}},"line":255},"16":{"name":"(anonymous_16)","decl":{"start":{"line":276,"column":2},"end":{"line":276,"column":3}},"loc":{"start":{"line":276,"column":12},"end":{"line":278,"column":3}},"line":276},"17":{"name":"(anonymous_17)","decl":{"start":{"line":277,"column":23},"end":{"line":277,"column":24}},"loc":{"start":{"line":277,"column":34},"end":{"line":277,"column":57}},"line":277},"18":{"name":"(anonymous_18)","decl":{"start":{"line":283,"column":2},"end":{"line":283,"column":3}},"loc":{"start":{"line":283,"column":14},"end":{"line":289,"column":3}},"line":283}},"branchMap":{"0":{"loc":{"start":{"line":9,"column":14},"end":{"line":9,"column":25}},"type":"default-arg","locations":[{"start":{"line":9,"column":23},"end":{"line":9,"column":25}}],"line":9},"1":{"loc":{"start":{"line":11,"column":14},"end":{"line":11,"column":57}},"type":"binary-expr","locations":[{"start":{"line":11,"column":14},"end":{"line":11,"column":27}},{"start":{"line":11,"column":31},"end":{"line":11,"column":57}}],"line":11},"2":{"loc":{"start":{"line":12,"column":15},"end":{"line":12,"column":60}},"type":"binary-expr","locations":[{"start":{"line":12,"column":15},"end":{"line":12,"column":29}},{"start":{"line":12,"column":33},"end":{"line":12,"column":60}}],"line":12},"3":{"loc":{"start":{"line":13,"column":14},"end":{"line":13,"column":56}},"type":"binary-expr","locations":[{"start":{"line":13,"column":14},"end":{"line":13,"column":27}},{"start":{"line":13,"column":31},"end":{"line":13,"column":56}}],"line":13},"4":{"loc":{"start":{"line":27,"column":4},"end":{"line":29,"column":5}},"type":"if","locations":[{"start":{"line":27,"column":4},"end":{"line":29,"column":5}},{"start":{},"end":{}}],"line":27},"5":{"loc":{"start":{"line":27,"column":8},"end":{"line":27,"column":61}},"type":"binary-expr","locations":[{"start":{"line":27,"column":8},"end":{"line":27,"column":24}},{"start":{"line":27,"column":28},"end":{"line":27,"column":61}}],"line":27},"6":{"loc":{"start":{"line":38,"column":6},"end":{"line":40,"column":7}},"type":"if","locations":[{"start":{"line":38,"column":6},"end":{"line":40,"column":7}},{"start":{},"end":{}}],"line":38},"7":{"loc":{"start":{"line":76,"column":6},"end":{"line":78,"column":7}},"type":"if","locations":[{"start":{"line":76,"column":6},"end":{"line":78,"column":7}},{"start":{},"end":{}}],"line":76},"8":{"loc":{"start":{"line":98,"column":41},"end":{"line":98,"column":55}},"type":"default-arg","locations":[{"start":{"line":98,"column":51},"end":{"line":98,"column":55}}],"line":98},"9":{"loc":{"start":{"line":98,"column":57},"end":{"line":98,"column":69}},"type":"default-arg","locations":[{"start":{"line":98,"column":65},"end":{"line":98,"column":69}}],"line":98},"10":{"loc":{"start":{"line":116,"column":57},"end":{"line":116,"column":70}},"type":"default-arg","locations":[{"start":{"line":116,"column":66},"end":{"line":116,"column":70}}],"line":116},"11":{"loc":{"start":{"line":189,"column":24},"end":{"line":189,"column":79}},"type":"cond-expr","locations":[{"start":{"line":189,"column":45},"end":{"line":189,"column":74}},{"start":{"line":189,"column":77},"end":{"line":189,"column":79}}],"line":189},"12":{"loc":{"start":{"line":237,"column":4},"end":{"line":239,"column":5}},"type":"if","locations":[{"start":{"line":237,"column":4},"end":{"line":239,"column":5}},{"start":{},"end":{}}],"line":237},"13":{"loc":{"start":{"line":255,"column":26},"end":{"line":255,"column":35}},"type":"default-arg","locations":[{"start":{"line":255,"column":31},"end":{"line":255,"column":35}}],"line":255},"14":{"loc":{"start":{"line":259,"column":4},"end":{"line":261,"column":5}},"type":"if","locations":[{"start":{"line":259,"column":4},"end":{"line":261,"column":5}},{"start":{},"end":{}}],"line":259},"15":{"loc":{"start":{"line":266,"column":4},"end":{"line":268,"column":5}},"type":"if","locations":[{"start":{"line":266,"column":4},"end":{"line":268,"column":5}},{"start":{},"end":{}}],"line":266},"16":{"loc":{"start":{"line":286,"column":21},"end":{"line":286,"column":84}},"type":"binary-expr","locations":[{"start":{"line":286,"column":21},"end":{"line":286,"column":39}},{"start":{"line":286,"column":43},"end":{"line":286,"column":62}},{"start":{"line":286,"column":66},"end":{"line":286,"column":84}}],"line":286},"17":{"loc":{"start":{"line":287,"column":18},"end":{"line":287,"column":71}},"type":"binary-expr","locations":[{"start":{"line":287,"column":18},"end":{"line":287,"column":34}},{"start":{"line":287,"column":38},"end":{"line":287,"column":71}}],"line":287}},"s":{"0":1,"1":1,"2":1,"3":1,"4":0,"5":0,"6":0,"7":0,"8":0,"9":0,"10":0,"11":0,"12":0,"13":0,"14":0,"15":0,"16":0,"17":0,"18":0,"19":0,"20":0,"21":0,"22":0,"23":0,"24":0,"25":0,"26":0,"27":0,"28":0,"29":0,"30":0,"31":0,"32":0,"33":0,"34":0,"35":0,"36":0,"37":0,"38":0,"39":0,"40":0,"41":0,"42":0,"43":0,"44":0,"45":0,"46":0,"47":0,"48":0,"49":0,"50":0,"51":0,"52":0,"53":0,"54":0,"55":0,"56":0,"57":0,"58":0,"59":0,"60":0,"61":0,"62":0,"63":0,"64":0,"65":0,"66":0,"67":0,"68":0,"69":0,"70":0,"71":0,"72":0,"73":0,"74":0,"75":0,"76":0,"77":1},"f":{"0":1,"1":0,"2":0,"3":0,"4":0,"5":0,"6":0,"7":0,"8":0,"9":0,"10":0,"11":0,"12":0,"13":0,"14":0,"15":0,"16":0,"17":0,"18":0},"b":{"0":[1],"1":[1,1],"2":[1,1],"3":[1,1],"4":[0,0],"5":[0,0],"6":[0,0],"7":[0,0],"8":[0],"9":[0],"10":[0],"11":[0,0],"12":[0,0],"13":[0],"14":[0,0],"15":[0,0],"16":[0,0,0],"17":[0,0]},"_coverageSchema":"1a1c01bbd47fc00a2c39e90264f33305004495a9","hash":"30d0c3f06358289660d5b351600f00cc794ed219","contentHash":"2ac6a0a8fba45e265329a4c1e3e2511c88565e6dd92ce2317970cbedd46f0172"},"/home/rowan/clawd/products/auto-reply-pro/src/adapters/EmailAdapter.js":{"path":"/home/rowan/clawd/products/auto-reply-pro/src/adapters/EmailAdapter.js","statementMap":{"0":{"start":{"line":6,"column":19},"end":{"line":6,"column":40}},"1":{"start":{"line":10,"column":4},"end":{"line":18,"column":6}},"2":{"start":{"line":20,"column":4},"end":{"line":20,"column":28}},"3":{"start":{"line":21,"column":4},"end":{"line":21,"column":29}},"4":{"start":{"line":28,"column":4},"end":{"line":49,"column":5}},"5":{"start":{"line":29,"column":6},"end":{"line":37,"column":9}},"6":{"start":{"line":40,"column":6},"end":{"line":40,"column":38}},"7":{"start":{"line":41,"column":6},"end":{"line":41,"column":30}},"8":{"start":{"line":43,"column":6},"end":{"line":43,"column":33}},"9":{"start":{"line":44,"column":6},"end":{"line":44,"column":70}},"10":{"start":{"line":47,"column":6},"end":{"line":47,"column":51}},"11":{"start":{"line":48,"column":6},"end":{"line":48,"column":18}},"12":{"start":{"line":56,"column":4},"end":{"line":58,"column":5}},"13":{"start":{"line":57,"column":6},"end":{"line":57,"column":27}},"14":{"start":{"line":60,"column":4},"end":{"line":83,"column":5}},"15":{"start":{"line":61,"column":26},"end":{"line":68,"column":7}},"16":{"start":{"line":70,"column":19},"end":{"line":70,"column":63}},"17":{"start":{"line":72,"column":6},"end":{"line":72,"column":48}},"18":{"start":{"line":74,"column":6},"end":{"line":78,"column":8}},"19":{"start":{"line":81,"column":6},"end":{"line":81,"column":48}},"20":{"start":{"line":82,"column":6},"end":{"line":82,"column":18}},"21":{"start":{"line":90,"column":4},"end":{"line":90,"column":54}},"22":{"start":{"line":97,"column":4},"end":{"line":97,"column":72}},"23":{"start":{"line":104,"column":4},"end":{"line":104,"column":71}},"24":{"start":{"line":111,"column":20},"end":{"line":111,"column":22}},"25":{"start":{"line":113,"column":4},"end":{"line":144,"column":5}},"26":{"start":{"line":114,"column":6},"end":{"line":143,"column":7}},"27":{"start":{"line":116,"column":36},"end":{"line":118,"column":28}},"28":{"start":{"line":120,"column":36},"end":{"line":120,"column":81}},"29":{"start":{"line":122,"column":23},"end":{"line":126,"column":9}},"30":{"start":{"line":128,"column":8},"end":{"line":132,"column":11}},"31":{"start":{"line":135,"column":8},"end":{"line":135,"column":31}},"32":{"start":{"line":138,"column":8},"end":{"line":142,"column":11}},"33":{"start":{"line":146,"column":25},"end":{"line":146,"column":62}},"34":{"start":{"line":146,"column":45},"end":{"line":146,"column":54}},"35":{"start":{"line":147,"column":4},"end":{"line":147,"column":64}},"36":{"start":{"line":149,"column":4},"end":{"line":149,"column":19}},"37":{"start":{"line":156,"column":45},"end":{"line":156,"column":57}},"38":{"start":{"line":159,"column":18},"end":{"line":159,"column":26}},"39":{"start":{"line":160,"column":4},"end":{"line":163,"column":5}},"40":{"start":{"line":161,"column":26},"end":{"line":161,"column":55}},"41":{"start":{"line":162,"column":6},"end":{"line":162,"column":58}},"42":{"start":{"line":165,"column":4},"end":{"line":165,"column":54}},"43":{"start":{"line":172,"column":15},"end":{"line":180,"column":5}},"44":{"start":{"line":182,"column":4},"end":{"line":182,"column":53}},"45":{"start":{"line":189,"column":4},"end":{"line":189,"column":59}},"46":{"start":{"line":189,"column":34},"end":{"line":189,"column":57}},"47":{"start":{"line":196,"column":4},"end":{"line":200,"column":5}},"48":{"start":{"line":197,"column":6},"end":{"line":197,"column":31}},"49":{"start":{"line":198,"column":6},"end":{"line":198,"column":31}},"50":{"start":{"line":199,"column":6},"end":{"line":199,"column":33}},"51":{"start":{"line":207,"column":4},"end":{"line":212,"column":6}},"52":{"start":{"line":216,"column":0},"end":{"line":216,"column":30}}},"fnMap":{"0":{"name":"(anonymous_0)","decl":{"start":{"line":9,"column":2},"end":{"line":9,"column":3}},"loc":{"start":{"line":9,"column":27},"end":{"line":22,"column":3}},"line":9},"1":{"name":"(anonymous_1)","decl":{"start":{"line":27,"column":2},"end":{"line":27,"column":3}},"loc":{"start":{"line":27,"column":18},"end":{"line":50,"column":3}},"line":27},"2":{"name":"(anonymous_2)","decl":{"start":{"line":55,"column":2},"end":{"line":55,"column":3}},"loc":{"start":{"line":55,"column":54},"end":{"line":84,"column":3}},"line":55},"3":{"name":"(anonymous_3)","decl":{"start":{"line":89,"column":2},"end":{"line":89,"column":3}},"loc":{"start":{"line":89,"column":44},"end":{"line":91,"column":3}},"line":89},"4":{"name":"(anonymous_4)","decl":{"start":{"line":96,"column":2},"end":{"line":96,"column":3}},"loc":{"start":{"line":96,"column":48},"end":{"line":98,"column":3}},"line":96},"5":{"name":"(anonymous_5)","decl":{"start":{"line":103,"column":2},"end":{"line":103,"column":3}},"loc":{"start":{"line":103,"column":68},"end":{"line":105,"column":3}},"line":103},"6":{"name":"(anonymous_6)","decl":{"start":{"line":110,"column":2},"end":{"line":110,"column":3}},"loc":{"start":{"line":110,"column":63},"end":{"line":150,"column":3}},"line":110},"7":{"name":"(anonymous_7)","decl":{"start":{"line":146,"column":40},"end":{"line":146,"column":41}},"loc":{"start":{"line":146,"column":45},"end":{"line":146,"column":54}},"line":146},"8":{"name":"(anonymous_8)","decl":{"start":{"line":155,"column":2},"end":{"line":155,"column":3}},"loc":{"start":{"line":155,"column":44},"end":{"line":166,"column":3}},"line":155},"9":{"name":"(anonymous_9)","decl":{"start":{"line":171,"column":2},"end":{"line":171,"column":3}},"loc":{"start":{"line":171,"column":58},"end":{"line":183,"column":3}},"line":171},"10":{"name":"(anonymous_10)","decl":{"start":{"line":188,"column":2},"end":{"line":188,"column":3}},"loc":{"start":{"line":188,"column":12},"end":{"line":190,"column":3}},"line":188},"11":{"name":"(anonymous_11)","decl":{"start":{"line":189,"column":23},"end":{"line":189,"column":24}},"loc":{"start":{"line":189,"column":34},"end":{"line":189,"column":57}},"line":189},"12":{"name":"(anonymous_12)","decl":{"start":{"line":195,"column":2},"end":{"line":195,"column":3}},"loc":{"start":{"line":195,"column":21},"end":{"line":201,"column":3}},"line":195},"13":{"name":"(anonymous_13)","decl":{"start":{"line":206,"column":2},"end":{"line":206,"column":3}},"loc":{"start":{"line":206,"column":14},"end":{"line":213,"column":3}},"line":206}},"branchMap":{"0":{"loc":{"start":{"line":9,"column":14},"end":{"line":9,"column":25}},"type":"default-arg","locations":[{"start":{"line":9,"column":23},"end":{"line":9,"column":25}}],"line":9},"1":{"loc":{"start":{"line":11,"column":12},"end":{"line":11,"column":68}},"type":"binary-expr","locations":[{"start":{"line":11,"column":12},"end":{"line":11,"column":23}},{"start":{"line":11,"column":27},"end":{"line":11,"column":48}},{"start":{"line":11,"column":52},"end":{"line":11,"column":68}}],"line":11},"2":{"loc":{"start":{"line":12,"column":12},"end":{"line":12,"column":55}},"type":"binary-expr","locations":[{"start":{"line":12,"column":12},"end":{"line":12,"column":23}},{"start":{"line":12,"column":27},"end":{"line":12,"column":48}},{"start":{"line":12,"column":52},"end":{"line":12,"column":55}}],"line":12},"3":{"loc":{"start":{"line":13,"column":14},"end":{"line":13,"column":36}},"type":"binary-expr","locations":[{"start":{"line":13,"column":14},"end":{"line":13,"column":27}},{"start":{"line":13,"column":31},"end":{"line":13,"column":36}}],"line":13},"4":{"loc":{"start":{"line":14,"column":12},"end":{"line":14,"column":48}},"type":"binary-expr","locations":[{"start":{"line":14,"column":12},"end":{"line":14,"column":23}},{"start":{"line":14,"column":27},"end":
[...]
:{"line":52,"column":8},"end":{"line":56,"column":11}},"19":{"start":{"line":60,"column":6},"end":{"line":93,"column":9}},"20":{"start":{"line":61,"column":8},"end":{"line":92,"column":9}},"21":{"start":{"line":62,"column":49},"end":{"line":62,"column":57}},"22":{"start":{"line":65,"column":35},"end":{"line":65,"column":52}},"23":{"start":{"line":66,"column":34},"end":{"line":66,"column":50}},"24":{"start":{"line":67,"column":37},"end":{"line":67,"column":56}},"25":{"start":{"line":70,"column":35},"end":{"line":70,"column":113}},"26":{"start":{"line":73,"column":10},"end":{"line":85,"column":11}},"27":{"start":{"line":74,"column":29},"end":{"line":74,"column":72}},"28":{"start":{"line":75,"column":12},"end":{"line":79,"column":15}},"29":{"start":{"line":81,"column":12},"end":{"line":84,"column":15}},"30":{"start":{"line":87,"column":10},"end":{"line":87,"column":48}},"31":{"start":{"line":88,"column":10},"end":{"line":91,"column":13}},"32":{"start":{"line":96,"column":6},"end":{"line":101,"column":9}},"33":{"start":{"line":97,"column":8},"end":{"line":97,"column":32}},"34":{"start":{"line":98,"column":8},"end":{"line":98,"column":36}},"35":{"start":{"line":99,"column":8},"end":{"line":99,"column":69}},"36":{"start":{"line":100,"column":8},"end":{"line":100,"column":88}},"37":{"start":{"line":104,"column":6},"end":{"line":104,"column":45}},"38":{"start":{"line":105,"column":6},"end":{"line":105,"column":18}},"39":{"start":{"line":113,"column":4},"end":{"line":113,"column":34}},"40":{"start":{"line":120,"column":4},"end":{"line":144,"column":6}},"41":{"start":{"line":152,"column":4},"end":{"line":152,"column":68}},"42":{"start":{"line":153,"column":4},"end":{"line":153,"column":16}},"43":{"start":{"line":160,"column":4},"end":{"line":166,"column":5}},"44":{"start":{"line":161,"column":6},"end":{"line":163,"column":9}},"45":{"start":{"line":162,"column":8},"end":{"line":162,"column":35}},"46":{"start":{"line":164,"column":6},"end":{"line":164,"column":31}},"47":{"start":{"line":165,"column":6},"end":{"line":165,"column":35}},"48":{"start":{"line":173,"column":4},"end":{"line":178,"column":6}},"49":{"start":{"line":182,"column":0},"end":{"line":182,"column":28}}},"fnMap":{"0":{"name":"sanitize","decl":{"start":{"line":10,"column":9},"end":{"line":10,"column":17}},"loc":{"start":{"line":10,"column":25},"end":{"line":18,"column":1}},"line":10},"1":{"name":"(anonymous_1)","decl":{"start":{"line":21,"column":2},"end":{"line":21,"column":3}},"loc":{"start":{"line":21,"column":22},"end":{"line":32,"column":3}},"line":21},"2":{"name":"(anonymous_2)","decl":{"start":{"line":37,"column":2},"end":{"line":37,"column":3}},"loc":{"start":{"line":37,"column":18},"end":{"line":107,"column":3}},"line":37},"3":{"name":"(anonymous_3)","decl":{"start":{"line":43,"column":19},"end":{"line":43,"column":20}},"loc":{"start":{"line":43,"column":39},"end":{"line":48,"column":7}},"line":43},"4":{"name":"(anonymous_4)","decl":{"start":{"line":51,"column":30},"end":{"line":51,"column":31}},"loc":{"start":{"line":51,"column":44},"end":{"line":57,"column":7}},"line":51},"5":{"name":"(anonymous_5)","decl":{"start":{"line":60,"column":38},"end":{"line":60,"column":39}},"loc":{"start":{"line":60,"column":58},"end":{"line":93,"column":7}},"line":60},"6":{"name":"(anonymous_6)","decl":{"start":{"line":96,"column":54},"end":{"line":96,"column":55}},"loc":{"start":{"line":96,"column":60},"end":{"line":101,"column":7}},"line":96},"7":{"name":"(anonymous_7)","decl":{"start":{"line":112,"column":2},"end":{"line":112,"column":3}},"loc":{"start":{"line":112,"column":21},"end":{"line":114,"column":3}},"line":112},"8":{"name":"(anonymous_8)","decl":{"start":{"line":119,"column":2},"end":{"line":119,"column":3}},"loc":{"start":{"line":119,"column":49},"end":{"line":145,"column":3}},"line":119},"9":{"name":"(anonymous_9)","decl":{"start":{"line":150,"column":2},"end":{"line":150,"column":3}},"loc":{"start":{"line":150,"column":49},"end":{"line":154,"column":3}},"line":150},"10":{"name":"(anonymous_10)","decl":{"start":{"line":159,"column":2},"end":{"line":159,"column":3}},"loc":{"start":{"line":159,"column":21},"end":{"line":167,"column":3}},"line":159},"11":{"name":"(anonymous_11)","decl":{"start":{"line":161,"column":24},"end":{"line":161,"column":25}},"loc":{"start":{"line":161,"column":37},"end":{"line":163,"column":7}},"line":161},"12":{"name":"(anonymous_12)","decl":{"start":{"line":172,"column":2},"end":{"line":172,"column":3}},"loc":{"start":{"line":172,"column":14},"end":{"line":179,"column":3}},"line":172}},"branchMap":{"0":{"loc":{"start":{"line":11,"column":2},"end":{"line":11,"column":46}},"type":"if","locations":[{"start":{"line":11,"column":2},"end":{"line":11,"column":46}},{"start":{},"end":{}}],"line":11},"1":{"loc":{"start":{"line":23,"column":12},"end":{"line":23,"column":31}},"type":"binary-expr","locations":[{"start":{"line":23,"column":12},"end":{"line":23,"column":23}},{"start":{"line":23,"column":27},"end":{"line":23,"column":31}}],"line":23},"2":{"loc":{"start":{"line":24,"column":12},"end":{"line":24,"column":38}},"type":"binary-expr","locations":[{"start":{"line":24,"column":12},"end":{"line":24,"column":23}},{"start":{"line":24,"column":27},"end":{"line":24,"column":38}}],"line":24},"3":{"loc":{"start":{"line":73,"column":10},"end":{"line":85,"column":11}},"type":"if","locations":[{"start":{"line":73,"column":10},"end":{"line":85,"column":11}},{"start":{"line":80,"column":17},"end":{"line":85,"column":11}}],"line":73},"4":{"loc":{"start":{"line":126,"column":16},"end":{"line":126,"column":37}},"type":"binary-expr","locations":[{"start":{"line":126,"column":16},"end":{"line":126,"column":22}},{"start":{"line":126,"column":26},"end":{"line":126,"column":37}}],"line":126},"5":{"loc":{"start":{"line":137,"column":24},"end":{"line":137,"column":56}},"type":"binary-expr","locations":[{"start":{"line":137,"column":24},"end":{"line":137,"column":33}},{"start":{"line":137,"column":37},"end":{"line":137,"column":56}}],"line":137},"6":{"loc":{"start":{"line":160,"column":4},"end":{"line":166,"column":5}},"type":"if","locations":[{"start":{"line":160,"column":4},"end":{"line":166,"column":5}},{"start":{},"end":{}}],"line":160}},"s":{"0":1,"1":0,"2":0,"3":0,"4":1,"5":1,"6":1,"7":1,"8":1,"9":0,"10":0,"11":0,"12":0,"13":0,"14":0,"15":0,"16":0,"17":0,"18":0,"19":0,"20":0,"21":0,"22":0,"23":0,"24":0,"25":0,"26":0,"27":0,"28":0,"29":0,"30":0,"31":0,"32":0,"33":0,"34":0,"35":0,"36":0,"37":0,"38":0,"39":0,"40":0,"41":0,"42":0,"43":0,"44":0,"45":0,"46":0,"47":0,"48":0,"49":1},"f":{"0":0,"1":1,"2":0,"3":0,"4":0,"5":0,"6":0,"7":0,"8":0,"9":0,"10":0,"11":0,"12":0},"b":{"0":[0,0],"1":[1,1],"2":[1,1],"3":[0,0],"4":[0,0],"5":[0,0],"6":[0,0]},"_coverageSchema":"1a1c01bbd47fc00a2c39e90264f33305004495a9","hash":"474665baeac27f8d0ef833083f61edb2e3a59ae0","contentHash":"c37d92f5cfc53a4aa55005b707eaaaa3a548c672e230cc65ede41095f47ef2b6"},"/home/rowan/clawd/products/auto-reply-pro/src/dashboard/WebDashboard.js":{"path":"/home/rowan/clawd/products/auto-reply-pro/src/dashboard/WebDashboard.js","statementMap":{"0":{"start":{"line":6,"column":16},"end":{"line":6,"column":34}},"1":{"start":{"line":7,"column":13},"end":{"line":7,"column":28}},"2":{"start":{"line":11,"column":4},"end":{"line":14,"column":6}},"3":{"start":{"line":16,"column":4},"end":{"line":16,"column":25}},"4":{"start":{"line":17,"column":4},"end":{"line":17,"column":23}},"5":{"start":{"line":18,"column":4},"end":{"line":18,"column":52}},"6":{"start":{"line":19,"column":4},"end":{"line":19,"column":52}},"7":{"start":{"line":20,"column":4},"end":{"line":20,"column":50}},"8":{"start":{"line":22,"column":4},"end":{"line":22,"column":23}},"9":{"start":{"line":29,"column":4},"end":{"line":29,"column":33}},"10":{"start":{"line":30,"column":4},"end":{"line":30,"column":65}},"11":{"start":{"line":33,"column":4},"end":{"line":38,"column":7}},"12":{"start":{"line":34,"column":6},"end":{"line":34,"column":53}},"13":{"start":{"line":35,"column":6},"end":{"line":35,"column":75}},"14":{"start":{"line":36,"column":6},"end":{"line":36,"column":80}},"15":{"start":{"line":37,"column":6},"end":{"line":37,"column":13}},"16":{"start":{"line":43,"column":4},"end":{"line":63,"column":7}},"17":{"start":{"line":44,"column":6},"end":{"line":62,"column":7}},"18":{"start":{"line":45,"column":32},"end":{"line":45,"column":77}},"19":{"start":{"line":46,"column":31},"end":{"line":46,"column":70}},"20":{"start":{"line":48,"column":8},"end":{"line":59,"column":11}},"21":{"start":{"line":61,"column":8},"end":{"line":61,"column":71}},"22":{"start":{"line":68,"column":4},"end":{"line":78,"column":7}},"23":{"start":{"line":69,"column":6},"end":{"line":77,"column":7}},"24":{"start":{"line":70,"column":23},"end":{"line":70,"column":68}},"25":{"start":{"line":71,"column":8},"end":{"line":74,"column":11}},"26":{"start":{"line":76,"column":8},"end":{"line":76,"column":71}},"27":{"start":{"line":81,"column":4},"end":{"line":100,"column":7}},"28":{"start":{"line":82,"column":6},"end":{"line":99,"column":7}},"29":{"start":{"line":83,"column":68},"end":{"line":83,"column":76}},"30":{"start":{"line":85,"column":23},"end":{"line":91,"column":10}},"31":{"start":{"line":93,"column":8},"end":{"line":96,"column":11}},"32":{"start":{"line":98,"column":8},"end":{"line":98,"column":71}},"33":{"start":{"line":103,"column":4},"end":{"line":120,"column":7}},"34":{"start":{"line":104,"column":6},"end":{"line":119,"column":7}},"35":{"start":{"line":105,"column":59},"end":{"line":105,"column":67}},"36":{"start":{"line":107,"column":25},"end":{"line":111,"column":9}},"37":{"start":{"line":113,"column":8},"end":{"line":116,"column":11}},"38":{"start":{"line":118,"column":8},"end":{"line":118,"column":71}},"39":{"start":{"line":125,"column":4},"end":{"line":135,"column":7}},"40":{"start":{"line":126,"column":6},"end":{"line":134,"column":7}},"41":{"start":{"line":127,"column":26},"end":{"line":127,"column":69}},"42":{"start":{"line":128,"column":8},"end":{"line":131,"column":11}},"43":{"start":{"line":133,"column":8},"end":{"line":133,"column":71}},"44":{"start":{"line":138,"column":4},"end":{"line":150,"column":7}},"45":{"start":{"line":139,"column":6},"end":{"line":149,"column":7}},"46":{"start":{"line":140,"column":35},"end":{"line":140,"column":43}},"47":{"start":{"line":141,"column":8},"end":{"line":141,"column":64}},"48":{"start":{"line":143,"column":8},"end":{"line":146,"column":11}},"49":{"start":{"line":148,"column":8},"end":{"line":148,"column":71}},"50":{"start":{"line":153,"column":4},"end":{"line":165,"column":7}},"51":{"start":{"line":154,"column":6},"end":{"line":164,"column":7}},"52":{"start":{"line":155,"column":40},"end":{"line":155,"column":48}},"53":{"start":{"line":156,"column":25},"end":{"line":156,"column":74}},"54":{"start":{"line":158,"column":8},"end":{"line":161,"column":11}},"55":{"start":{"line":163,"column":8},"end":{"line":163,"column":71}},"56":{"start":{"line":170,"column":4},"end":{"line":187,"column":7}},"57":{"start":{"line":171,"column":6},"end":{"line":186,"column":7}},"58":{"start":{"line":172,"column":26},"end":{"line":178,"column":9}},"59":{"start":{"line":180,"column":8},"end":{"line":183,"column":11}},"60":{"start":{"line":185,"column":8},"end":{"line":185,"column":71}},"61":{"start":{"line":191,"column":4},"end":{"line":197,"column":7}},"62":{"start":{"line":192,"column":6},"end":{"line":196,"column":9}},"63":{"start":{"line":201,"column":4},"end":{"line":203,"column":7}},"64":{"start":{"line":202,"column":6},"end":{"line":202,"column":40}},"65":{"start":{"line":210,"column":4},"end":{"line":414,"column":6}},"66":{"start":{"line":421,"column":4},"end":{"line":427,"column":7}},"67":{"start":{"line":422,"column":6},"end":{"line":426,"column":9}},"68":{"start":{"line":423,"column":8},"end":{"line":423,"column":37}},"69":{"start":{"line":424,"column":8},"end":{"line":424,"column":69}},"70":{"start":{"line":425,"column":8},"end":{"line":425,"column":18}},"71":{"start":{"line":434,"column":4},"end":{"line":439,"column":5}},"72":{"start":{"line":435,"column":6},"end":{"line":437,"column":9}},"73":{"start":{"line":436,"column":8},"end":{"line":436,"column":35}},"74":{"start":{"line":438,"column":6},"end":{"line":438,"column":36}},"75":{"start":{"line":443,"column":0},"end":{"line":443,"column":30}}},"fnMap":{"0":{"name":"(anonymous_0)","decl":{"start":{"line":10,"column":2},"end":{"line":10,"column":3}},"loc":{"start":{"line":10,"column":22},"end":{"line":23,"column":3}},"line":10},"1":{"name":"(anonymous_1)","decl":{"start":{"line":28,"column":2},"end":{"line":28,"column":3}},"loc":{"start":{"line":28,"column":16},"end":{"line":204,"column":3}},"line":28},"2":{"name":"(anonymous_2)","decl":{"start":{"line":33,"column":17},"end":{"line":33,"column":18}},"loc":{"start":{"line":33,"column":37},"end":{"line":38,"column":5}},"line":33},"3":{"name":"(anonymous_3)","decl":{"start":{"line":43,"column":44},"end":{"line":43,"column":45}},"loc":{"start":{"line":43,"column":58},"end":{"line":63,"column":5}},"line":43},"4":{"name":"(anonymous_4)","decl":{"start":{"line":68,"column":40},"end":{"line":68,"column":41}},"loc":{"start":{"line":68,"column":54},"end":{"line":78,"column":5}},"line":68},"5":{"name":"(anonymous_5)","decl":{"start":{"line":81,"column":44},"end":{"line":81,"column":45}},"loc":{"start":{"line":81,"column":64},"end":{"line":100,"column":5}},"line":81},"6":{"name":"(anonymous_6)","decl":{"start":{"line":103,"column":44},"end":{"line":103,"column":45}},"loc":{"start":{"line":103,"column":64},"end":{"line":120,"column":5}},"line":103},"7":{"name":"(anonymous_7)","decl":{"start":{"line":125,"column":35},"end":{"line":125,"column":36}},"loc":{"start":{"line":125,"column":49},"end":{"line":135,"column":5}},"line":125},"8":{"name":"(anonymous_8)","decl":{"start":{"line":138,"column":36},"end":{"line":138,"column":37}},"loc":{"start":{"line":138,"column":50},"end":{"line":150,"column":5}},"line":138},"9":{"name":"(anonymous_9)","decl":{"start":{"line":153,"column":43},"end":{"line":153,"column":44}},"loc":{"start":{"line":153,"column":57},"end":{"line":165,"column":5}},"line":153},"10":{"name":"(anonymous_10)","decl":{"start":{"line":170,"column":42},"end":{"line":170,"column":43}},"loc":{"start":{"line":170,"column":56},"end":{"line":187,"column":5}},"line":170},"11":{"name":"(anonymous_11)","decl":{"start":{"line":191,"column":28},"end":{"line":191,"column":29}},"loc":{"start":{"line":191,"column":42},"end":{"line":197,"column":5}},"line":191},"12":{"name":"(anonymous_12)","decl":{"start":{"line":201,"column":22},"end":{"line":201,"column":23}},"loc":{"start":{"line":201,"column":36},"end":{"line":203,"column":5}},"line":201},"13":{"name":"(anonymous_13)","decl":{"start":{"line":209,"column":2},"end":{"line":209,"column":3}},"loc":{"start":{"line":209,"column":21},"end":{"line":415,"column":3}},"line":209},"14":{"name":"(anonymous_14)","decl":{"start":{"line":420,"column":2},"end":{"line":420,"column":3}},"loc":{"start":{"line":420,"column":16},"end":{"line":428,"column":3}},"line":420},"15":{"name":"(anonymous_15)","decl":{"start":{"line":421,"column":23},"end":{"line":421,"column":24}},"loc":{"start":{"line":421,"column":36},"end":{"line":427,"column":5}},"line":421},"16":{"name":"(anonymous_16)","decl":{"start":{"line":422,"column":54},"end":{"line":422,"column":55}},"loc":{"start":{"line":422,"column":60},"end":{"line":426,"column":7}},"line":422},"17":{"name":"(anonymous_17)","decl":{"start":{"line":433,"column":2},"end":{"line":433,"column":3}},"loc":{"start":{"line":433,"column":15},"end":{"line":440,"column":3}},"line":433},"18":{"name":"(anonymous_18)","decl":{"start":{"line":435,"column":24},"end":{"line":435,"column":25}},"loc":{"start":{"line":435,"column":37},"end":{"line":437,"column":7}},"line":435}},"branchMap":{"0":{"loc":{"start":{"line":12,"column":12},"end":{"line":12,"column":31}},"type":"binary-expr","locations":[{"start":{"line":12,"column":12},"end":{"line":12,"column":23}},{"start":{"line":12,"column":27},"end":{"line":12,"column":31}}],"line":12},"1":{"loc":{"start":{"line":45,"column":32},"end":{"line":45,"column":77}},"type":"binary-expr","locations":[{"start":{"line":45,"column":32},"end":{"line":45,"column":71}},{"start":{"line":45,"column":75},"end":{"line":45,"column":77}}],"line":45},"2":{"loc":{"start":{"line":46,"column":31},"end":{"line":46,"column":70}},"type":"binary-expr","locations":[{"start":{"line":46,"column":31},"end":{"line":46,"column":64}},{"start":{"line":46,"column":68},"end":{"line":46,"column":70}}],"line":46},"3":{"loc":{"start":{"line":51,"column":27},"end":{"line":51,"column":53}},"type":"binary-expr","locations":[{"start":{"line":51,"column":27},"end":{"line":51,"column":48}},{"start":{"line":51,"column":52},"end":{"line":51,"column":53}}],"line":51},"4":{"loc":{"start":{"line":52,"column":26},"end":{"line":52,"column":51}},"type":"binary-expr","locations":[{"start":{"line":52,"column":26},"end":{"line":52,"column":46}},{"start":{"line":52,"column":50},"end":{"line":52,"column":51}}],"line":52},"5":{"loc":{"start":{"line":53,"column":28},"end":{"line":53,"column":55}},"type":"binary-expr","locations":[{"start":{"line":53,"column":28},"end":{"line":53,"column":50}},{"start":{"line":53,"column":54},"end":{"line":53,"column":55}}],"line":53},"6":{"loc":{"start":{"line":54,"column":29},"end":{"line":54,"column":57}},"type":"binary-expr","locations":[{"start":{"line":54,"column":29},"end":{"line":54,"column":52}},{"start":{"line":54,"column":56},"end":{"line":54,"column":57}}],"line":54},"7":{"loc":{"start":{"line":55,"column":23},"end":{"line":55,"column":54}},"type":"binary-expr","locations":[{"start":{"line":55,"column":23},"end":{"line":55,"column":48}},{"start":{"line":55,"column":52},"end":{"line":55,"column":54}}],"line":55},"8":{"loc":{"start":{"line":56,"column":24},"end":{"line":56,"column":57}},"type":"binary-expr","locations":[{"start":{"line":56,"column":24},"end":{"line":56,"column":47}},{"start":{"line":56,"column":51},"end":{"line":56,"column":57}}],"line":56},"9":{"loc":{"start":{"line":57,"column":27},"end":{"line":57,"column":60}},"type":"binary-expr","locations":[{"start":{"line":57,"column":27},"end":{"line":57,"column":55}},{"start":{"line":57,"column":59},"end":{"line":57,"column":60}}],"line":57},"10":{"loc":{"start":{"line":70,"column":23},"end":{"line":70,"column":68}},"type":"binary-expr","locations":[{"start":{"line":70,"column":23},"end":{"line":70,"column":62}},{"start":{"line":70,"column":66},"end":{"line":70,"column":68}}],"line":70},"11":{"loc":{"start":{"line":127,"column":26},"end":{"line":127,"column":69}},"type":"binary-expr","locations":[{"start":{"line":127,"column":26},"end":{"line":127,"column":63}},{"start":{"line":127,"column":67},"end":{"line":127,"column":69}}],"line":127},"12":{"loc":{"start":{"line":434,"column":4},"end":{"line":439,"column":5}},"type":"if","locations":[{"start":{"line":434,"column":4},"end":{"line":439,"column":5}},{"start":{},"end":{}}],"line":434}},"s":{"0":1,"1":1,"2":1,"3":1,"4":1,"5":1,"6":1,"7":1,"8":1,"9":1,"10":1,"11":1,"12":0,"13":0,"14":0,"15":0,"16":1,"17":0,"18":0,"19":0,"20":0,"21":0,"22":1,"23":0,"24":0,"25":0,"26":0,"27":1,"28":0,"29":0,"30":0,"31":0,"32":0,"33":1,"34":0,"35":0,"36":0,"37":0,"38":0,"39":1,"40":0,"41":0,"42":0,"43":0,"44":1,"45":0,"46":0,"47":0,"48":0,"49":0,"50":1,"51":0,"52":0,"53":0,"54":0,"55":0,"56":1,"57":0,"58":0,"59":0,"60":0,"61":1,"62":0,"63":1,"64":0,"65":0,"66":0,"67":0,"68":0,"69":0,"70":0,"71":0,"72":0,"73":0,"74":0,"75":1},"f":{"0":1,"1":1,"2":0,"3":0,"4":0,"5":0,"6":0,"7":0,"8":0,"9":0,"10":0,"11":0,"12":0,"13":0,"14":0,"15":0,"16":0,"17":0,"18":0},"b":{"0":[1,1],"1":[0,0],"2":[0,0],"3":[0,0],"4":[0,0],"5":[0,0],"6":[0,0],"7":[0,0],"8":[0,0],"9":[0,0],"10":[0,0],"11":[0,0],"12":[0,0]},"_coverageSchema":"1a1c01bbd47fc00a2c39e90264f33305004495a9","hash":"1a0de2ece511c2806e6ea5e77d272960651c6cc4","contentHash":"683e0747a4e45bfa80571553923d3b7229e894ebd7c51a3e85ba1f34197b9b1e"}}